{"/home/travis/build/kaizhu256/node-rbst-lite/index.js":{"path":"/home/travis/build/kaizhu256/node-rbst-lite/index.js","s":{"1":1,"2":1,"3":1,"4":1,"5":1,"6":1,"7":1,"8":1,"9":0,"10":1,"11":1,"12":1,"13":50890,"14":50890,"15":6,"16":50884,"17":8,"18":50876,"19":32036,"20":18840,"21":18840,"22":18840,"23":17806,"24":1034,"25":1001,"26":33,"27":19,"28":14,"29":3,"30":11,"31":2,"32":9,"33":5,"34":4,"35":3,"36":1,"37":1,"38":137,"39":1,"40":258,"41":258,"42":258,"43":258,"44":1002,"45":1002,"46":258,"47":1,"48":259,"49":259,"50":2,"51":257,"52":257,"53":257,"54":257,"55":1137,"56":1137,"57":1137,"58":257,"59":257,"60":257,"61":257,"62":257,"63":1003,"64":1003,"65":1003,"66":257,"67":257,"68":15645,"69":15645,"70":15645,"71":15643,"72":15645,"73":257,"74":15388,"75":15388,"76":15387,"77":14510,"78":14510,"79":1,"80":516,"81":72,"82":444,"83":64,"84":380,"85":10,"86":370,"87":380,"88":380,"89":1,"90":203,"91":64,"92":139,"93":9,"94":9,"95":130,"96":130,"97":1,"98":112,"99":27,"100":85,"101":31,"102":54,"103":21,"104":21,"105":21,"106":33,"107":33,"108":33,"109":1,"110":2,"111":2,"112":76,"113":39,"114":37,"115":37,"116":37,"117":11,"118":37,"119":37,"120":2,"121":2,"122":2,"123":2,"124":2,"125":1,"126":353,"127":1,"128":352,"129":58,"130":294,"131":168,"132":126,"133":294,"134":294,"135":1,"136":130,"137":130,"138":130,"139":130,"140":130,"141":130,"142":130,"143":1,"144":9,"145":9,"146":9,"147":9,"148":9,"149":9,"150":9,"151":1,"152":1006,"153":1,"154":1,"155":1,"156":1,"157":1,"158":1,"159":1,"160":1,"161":1,"162":1,"163":15525,"164":1,"165":1,"166":1,"167":1,"168":1,"169":28,"170":18,"171":1,"172":1,"173":1,"174":1,"175":1,"176":1,"177":1,"178":1,"179":1,"180":1,"181":1,"182":5,"183":1,"184":1,"185":1,"186":1,"187":1,"188":1,"189":1,"190":1,"191":1,"192":1,"193":1,"194":1,"195":1,"196":256,"197":118,"198":256,"199":256,"200":1,"201":1,"202":118,"203":1,"204":118,"205":57,"206":1,"207":1,"208":1},"b":{"1":[1,0],"2":[1,1],"3":[1,0],"4":[1,1],"5":[0,1],"6":[1,0],"7":[6,50884],"8":[8,50876],"9":[32036,18840],"10":[17806,1034],"11":[5,17801],"12":[434,17367],"13":[1001,33],"14":[19,14],"15":[3,11],"16":[2,9],"17":[5,4],"18":[3,1],"19":[258,257],"20":[999,3],"21":[1002,746],"22":[2,257],"23":[257,257],"24":[2,1135],"25":[1137,880],"26":[2,1001],"27":[1003,746],"28":[257,257],"29":[15643,2],"30":[15645,15643],"31":[257,15388],"32":[15387,1],"33":[72,444],"34":[64,380],"35":[444,69],"36":[10,370],"37":[64,139],"38":[9,130],"39":[27,85],"40":[31,54],"41":[21,33],"42":[39,37],"43":[11,26],"44":[1,352],"45":[58,294],"46":[168,126],"47":[1006,840,166],"48":[1006,768,238],"49":[1,15524],"50":[1,1],"51":[118,138],"52":[57,61]},"f":{"1":1,"2":1,"3":50890,"4":137,"5":258,"6":259,"7":516,"8":203,"9":112,"10":2,"11":76,"12":353,"13":130,"14":9,"15":1006,"16":1,"17":15525,"18":1,"19":28,"20":18,"21":5,"22":118,"23":118,"24":1},"fnMap":{"1":{"name":"(anonymous_1)","line":26,"loc":{"start":{"line":26,"column":1},"end":{"line":26,"column":13}}},"2":{"name":"(anonymous_2)","line":47,"loc":{"start":{"line":47,"column":5},"end":{"line":47,"column":22}}},"3":{"name":"(anonymous_3)","line":61,"loc":{"start":{"line":61,"column":18},"end":{"line":61,"column":36}}},"4":{"name":"(anonymous_4)","line":111,"loc":{"start":{"line":111,"column":17},"end":{"line":111,"column":38}}},"5":{"name":"(anonymous_5)","line":124,"loc":{"start":{"line":124,"column":15},"end":{"line":124,"column":36}}},"6":{"name":"(anonymous_6)","line":140,"loc":{"start":{"line":140,"column":25},"end":{"line":140,"column":54}}},"7":{"name":"(anonymous_7)","line":194,"loc":{"start":{"line":194,"column":17},"end":{"line":194,"column":44}}},"8":{"name":"(anonymous_8)","line":215,"loc":{"start":{"line":215,"column":23},"end":{"line":215,"column":50}}},"9":{"name":"(anonymous_9)","line":231,"loc":{"start":{"line":231,"column":15},"end":{"line":231,"column":38}}},"10":{"name":"(anonymous_10)","line":253,"loc":{"start":{"line":253,"column":16},"end":{"line":253,"column":32}}},"11":{"name":"(anonymous_11)","line":258,"loc":{"start":{"line":258,"column":22},"end":{"line":258,"column":45}}},"12":{"name":"(anonymous_12)","line":278,"loc":{"start":{"line":278,"column":17},"end":{"line":278,"column":38}}},"13":{"name":"(anonymous_13)","line":297,"loc":{"start":{"line":297,"column":21},"end":{"line":297,"column":37}}},"14":{"name":"(anonymous_14)","line":310,"loc":{"start":{"line":310,"column":22},"end":{"line":310,"column":38}}},"15":{"name":"(anonymous_15)","line":323,"loc":{"start":{"line":323,"column":21},"end":{"line":323,"column":37}}},"16":{"name":"(anonymous_16)","line":345,"loc":{"start":{"line":345,"column":5},"end":{"line":345,"column":22}}},"17":{"name":"(anonymous_17)","line":348,"loc":{"start":{"line":348,"column":17},"end":{"line":348,"column":41}}},"18":{"name":"(anonymous_18)","line":357,"loc":{"start":{"line":357,"column":32},"end":{"line":357,"column":60}}},"19":{"name":"(anonymous_19)","line":368,"loc":{"start":{"line":368,"column":22},"end":{"line":368,"column":34}}},"20":{"name":"(anonymous_20)","line":371,"loc":{"start":{"line":371,"column":25},"end":{"line":371,"column":46}}},"21":{"name":"(anonymous_21)","line":387,"loc":{"start":{"line":387,"column":64},"end":{"line":387,"column":80}}},"22":{"name":"(anonymous_22)","line":447,"loc":{"start":{"line":447,"column":63},"end":{"line":447,"column":79}}},"23":{"name":"(anonymous_23)","line":450,"loc":{"start":{"line":450,"column":33},"end":{"line":450,"column":49}}},"24":{"name":"(anonymous_24)","line":462,"loc":{"start":{"line":462,"column":36},"end":{"line":462,"column":53}}}},"statementMap":{"1":{"start":{"line":26,"column":0},"end":{"line":467,"column":5}},"2":{"start":{"line":28,"column":4},"end":{"line":28,"column":14}},"3":{"start":{"line":29,"column":4},"end":{"line":29,"column":15}},"4":{"start":{"line":32,"column":4},"end":{"line":34,"column":5},"skip":true},"5":{"start":{"line":33,"column":8},"end":{"line":33,"column":33},"skip":true},"6":{"start":{"line":36,"column":4},"end":{"line":38,"column":5},"skip":true},"7":{"start":{"line":37,"column":8},"end":{"line":37,"column":31},"skip":true},"8":{"start":{"line":40,"column":4},"end":{"line":42,"column":5},"skip":true},"9":{"start":{"line":41,"column":8},"end":{"line":41,"column":33},"skip":true},"10":{"start":{"line":47,"column":4},"end":{"line":340,"column":14}},"11":{"start":{"line":48,"column":8},"end":{"line":59,"column":23}},"12":{"start":{"line":61,"column":8},"end":{"line":109,"column":10}},"13":{"start":{"line":70,"column":12},"end":{"line":70,"column":33}},"14":{"start":{"line":71,"column":12},"end":{"line":73,"column":13}},"15":{"start":{"line":72,"column":16},"end":{"line":72,"column":25}},"16":{"start":{"line":75,"column":12},"end":{"line":77,"column":13}},"17":{"start":{"line":76,"column":16},"end":{"line":76,"column":25}},"18":{"start":{"line":78,"column":12},"end":{"line":80,"column":13}},"19":{"start":{"line":79,"column":16},"end":{"line":79,"column":26}},"20":{"start":{"line":81,"column":12},"end":{"line":81,"column":32}},"21":{"start":{"line":82,"column":12},"end":{"line":82,"column":32}},"22":{"start":{"line":83,"column":12},"end":{"line":89,"column":13}},"23":{"start":{"line":84,"column":16},"end":{"line":88,"column":24}},"24":{"start":{"line":90,"column":12},"end":{"line":92,"column":13}},"25":{"start":{"line":91,"column":16},"end":{"line":91,"column":26}},"26":{"start":{"line":93,"column":12},"end":{"line":95,"column":13}},"27":{"start":{"line":94,"column":16},"end":{"line":94,"column":25}},"28":{"start":{"line":96,"column":12},"end":{"line":98,"column":13}},"29":{"start":{"line":97,"column":16},"end":{"line":97,"column":26}},"30":{"start":{"line":99,"column":12},"end":{"line":101,"column":13}},"31":{"start":{"line":100,"column":16},"end":{"line":100,"column":25}},"32":{"start":{"line":102,"column":12},"end":{"line":104,"column":13}},"33":{"start":{"line":103,"column":16},"end":{"line":103,"column":26}},"34":{"start":{"line":105,"column":12},"end":{"line":107,"column":13}},"35":{"start":{"line":106,"column":16},"end":{"line":106,"column":25}},"36":{"start":{"line":108,"column":12},"end":{"line":108,"column":21}},"37":{"start":{"line":111,"column":8},"end":{"line":122,"column":10}},"38":{"start":{"line":115,"column":12},"end":{"line":121,"column":14}},"39":{"start":{"line":124,"column":8},"end":{"line":138,"column":10}},"40":{"start":{"line":128,"column":12},"end":{"line":128,"column":26}},"41":{"start":{"line":129,"column":12},"end":{"line":129,"column":24}},"42":{"start":{"line":130,"column":12},"end":{"line":130,"column":49}},"43":{"start":{"line":131,"column":12},"end":{"line":136,"column":13}},"44":{"start":{"line":132,"column":16},"end":{"line":134,"column":32}},"45":{"start":{"line":135,"column":16},"end":{"line":135,"column":53}},"46":{"start":{"line":137,"column":12},"end":{"line":137,"column":24}},"47":{"start":{"line":140,"column":8},"end":{"line":192,"column":10}},"48":{"start":{"line":145,"column":12},"end":{"line":145,"column":58}},"49":{"start":{"line":146,"column":12},"end":{"line":148,"column":13}},"50":{"start":{"line":147,"column":16},"end":{"line":147,"column":23}},"51":{"start":{"line":150,"column":12},"end":{"line":150,"column":24}},"52":{"start":{"line":151,"column":12},"end":{"line":151,"column":27}},"53":{"start":{"line":152,"column":12},"end":{"line":152,"column":48}},"54":{"start":{"line":153,"column":12},"end":{"line":159,"column":13}},"55":{"start":{"line":154,"column":16},"end":{"line":154,"column":33}},"56":{"start":{"line":155,"column":16},"end":{"line":157,"column":32}},"57":{"start":{"line":158,"column":16},"end":{"line":158,"column":52}},"58":{"start":{"line":160,"column":12},"end":{"line":160,"column":42}},"59":{"start":{"line":162,"column":12},"end":{"line":162,"column":28}},"60":{"start":{"line":163,"column":12},"end":{"line":163,"column":24}},"61":{"start":{"line":164,"column":12},"end":{"line":164,"column":40}},"62":{"start":{"line":165,"column":12},"end":{"line":171,"column":13}},"63":{"start":{"line":166,"column":16},"end":{"line":166,"column":32}},"64":{"start":{"line":167,"column":16},"end":{"line":169,"column":33}},"65":{"start":{"line":170,"column":16},"end":{"line":170,"column":52}},"66":{"start":{"line":172,"column":12},"end":{"line":172,"column":40}},"67":{"start":{"line":174,"column":12},"end":{"line":191,"column":13}},"68":{"start":{"line":175,"column":16},"end":{"line":175,"column":35}},"69":{"start":{"line":176,"column":16},"end":{"line":176,"column":44}},"70":{"start":{"line":177,"column":16},"end":{"line":179,"column":17}},"71":{"start":{"line":178,"column":20},"end":{"line":178,"column":30}},"72":{"start":{"line":181,"column":16},"end":{"line":183,"column":17}},"73":{"start":{"line":182,"column":20},"end":{"line":182,"column":27}},"74":{"start":{"line":184,"column":16},"end":{"line":184,"column":34}},"75":{"start":{"line":185,"column":16},"end":{"line":190,"column":17}},"76":{"start":{"line":186,"column":20},"end":{"line":189,"column":21}},"77":{"start":{"line":187,"column":24},"end":{"line":187,"column":41}},"78":{"start":{"line":188,"column":24},"end":{"line":188,"column":41}},"79":{"start":{"line":194,"column":8},"end":{"line":213,"column":10}},"80":{"start":{"line":199,"column":12},"end":{"line":201,"column":13}},"81":{"start":{"line":200,"column":16},"end":{"line":200,"column":41}},"82":{"start":{"line":202,"column":12},"end":{"line":205,"column":13}},"83":{"start":{"line":204,"column":16},"end":{"line":204,"column":53}},"84":{"start":{"line":206,"column":12},"end":{"line":210,"column":13}},"85":{"start":{"line":207,"column":16},"end":{"line":207,"column":57}},"86":{"start":{"line":209,"column":16},"end":{"line":209,"column":59}},"87":{"start":{"line":211,"column":12},"end":{"line":211,"column":29}},"88":{"start":{"line":212,"column":12},"end":{"line":212,"column":24}},"89":{"start":{"line":215,"column":8},"end":{"line":229,"column":10}},"90":{"start":{"line":220,"column":12},"end":{"line":222,"column":13}},"91":{"start":{"line":221,"column":16},"end":{"line":221,"column":41}},"92":{"start":{"line":223,"column":12},"end":{"line":226,"column":13}},"93":{"start":{"line":224,"column":16},"end":{"line":224,"column":63}},"94":{"start":{"line":225,"column":16},"end":{"line":225,"column":41}},"95":{"start":{"line":227,"column":12},"end":{"line":227,"column":61}},"96":{"start":{"line":228,"column":12},"end":{"line":228,"column":36}},"97":{"start":{"line":231,"column":8},"end":{"line":251,"column":10}},"98":{"start":{"line":235,"column":12},"end":{"line":237,"column":13}},"99":{"start":{"line":236,"column":16},"end":{"line":236,"column":29}},"100":{"start":{"line":238,"column":12},"end":{"line":240,"column":13}},"101":{"start":{"line":239,"column":16},"end":{"line":239,"column":28}},"102":{"start":{"line":242,"column":12},"end":{"line":246,"column":13}},"103":{"start":{"line":243,"column":16},"end":{"line":243,"column":53}},"104":{"start":{"line":244,"column":16},"end":{"line":244,"column":33}},"105":{"start":{"line":245,"column":16},"end":{"line":245,"column":28}},"106":{"start":{"line":248,"column":12},"end":{"line":248,"column":48}},"107":{"start":{"line":249,"column":12},"end":{"line":249,"column":30}},"108":{"start":{"line":250,"column":12},"end":{"line":250,"column":25}},"109":{"start":{"line":253,"column":8},"end":{"line":276,"column":10}},"110":{"start":{"line":257,"column":12},"end":{"line":257,"column":36}},"111":{"start":{"line":258,"column":12},"end":{"line":270,"column":14}},"112":{"start":{"line":259,"column":16},"end":{"line":261,"column":17}},"113":{"start":{"line":260,"column":20},"end":{"line":260,"column":27}},"114":{"start":{"line":262,"column":16},"end":{"line":262,"column":49}},"115":{"start":{"line":263,"column":16},"end":{"line":263,"column":24}},"116":{"start":{"line":264,"column":16},"end":{"line":266,"column":17}},"117":{"start":{"line":265,"column":20},"end":{"line":265,"column":35}},"118":{"start":{"line":267,"column":16},"end":{"line":268,"column":54}},"119":{"start":{"line":269,"column":16},"end":{"line":269,"column":50}},"120":{"start":{"line":271,"column":12},"end":{"line":271,"column":24}},"121":{"start":{"line":272,"column":12},"end":{"line":272,"column":20}},"122":{"start":{"line":273,"column":12},"end":{"line":273,"column":55}},"123":{"start":{"line":274,"column":12},"end":{"line":274,"column":30}},"124":{"start":{"line":275,"column":12},"end":{"line":275,"column":57}},"125":{"start":{"line":278,"column":8},"end":{"line":295,"column":10}},"126":{"start":{"line":282,"column":12},"end":{"line":284,"column":13}},"127":{"start":{"line":283,"column":16},"end":{"line":283,"column":28}},"128":{"start":{"line":285,"column":12},"end":{"line":287,"column":13}},"129":{"start":{"line":286,"column":16},"end":{"line":286,"column":51}},"130":{"start":{"line":288,"column":12},"end":{"line":292,"column":13}},"131":{"start":{"line":289,"column":16},"end":{"line":289,"column":51}},"132":{"start":{"line":291,"column":16},"end":{"line":291,"column":53}},"133":{"start":{"line":293,"column":12},"end":{"line":293,"column":29}},"134":{"start":{"line":294,"column":12},"end":{"line":294,"column":24}},"135":{"start":{"line":297,"column":8},"end":{"line":308,"column":10}},"136":{"start":{"line":301,"column":12},"end":{"line":301,"column":22}},"137":{"start":{"line":302,"column":12},"end":{"line":302,"column":31}},"138":{"start":{"line":303,"column":12},"end":{"line":303,"column":36}},"139":{"start":{"line":304,"column":12},"end":{"line":304,"column":29}},"140":{"start":{"line":305,"column":12},"end":{"line":305,"column":30}},"141":{"start":{"line":306,"column":12},"end":{"line":306,"column":30}},"142":{"start":{"line":307,"column":12},"end":{"line":307,"column":25}},"143":{"start":{"line":310,"column":8},"end":{"line":321,"column":10}},"144":{"start":{"line":314,"column":12},"end":{"line":314,"column":21}},"145":{"start":{"line":315,"column":12},"end":{"line":315,"column":29}},"146":{"start":{"line":316,"column":12},"end":{"line":316,"column":35}},"147":{"start":{"line":317,"column":12},"end":{"line":317,"column":29}},"148":{"start":{"line":318,"column":12},"end":{"line":318,"column":30}},"149":{"start":{"line":319,"column":12},"end":{"line":319,"column":29}},"150":{"start":{"line":320,"column":12},"end":{"line":320,"column":24}},"151":{"start":{"line":323,"column":8},"end":{"line":330,"column":10}},"152":{"start":{"line":327,"column":12},"end":{"line":329,"column":55}},"153":{"start":{"line":333,"column":8},"end":{"line":333,"column":36}},"154":{"start":{"line":334,"column":8},"end":{"line":334,"column":34}},"155":{"start":{"line":335,"column":8},"end":{"line":335,"column":30}},"156":{"start":{"line":336,"column":8},"end":{"line":336,"column":50}},"157":{"start":{"line":337,"column":8},"end":{"line":337,"column":34}},"158":{"start":{"line":338,"column":8},"end":{"line":338,"column":32}},"159":{"start":{"line":339,"column":8},"end":{"line":339,"column":34}},"160":{"start":{"line":345,"column":4},"end":{"line":466,"column":14}},"161":{"start":{"line":346,"column":8},"end":{"line":346,"column":42}},"162":{"start":{"line":348,"column":8},"end":{"line":355,"column":10}},"163":{"start":{"line":352,"column":12},"end":{"line":354,"column":13}},"164":{"start":{"line":353,"column":16},"end":{"line":353,"column":54}},"165":{"start":{"line":357,"column":8},"end":{"line":459,"column":10}},"166":{"start":{"line":358,"column":12},"end":{"line":358,"column":36}},"167":{"start":{"line":360,"column":12},"end":{"line":360,"column":56}},"168":{"start":{"line":361,"column":12},"end":{"line":374,"column":19}},"169":{"start":{"line":369,"column":20},"end":{"line":369,"column":61}},"170":{"start":{"line":373,"column":20},"end":{"line":373,"column":77}},"171":{"start":{"line":376,"column":12},"end":{"line":376,"column":36}},"172":{"start":{"line":377,"column":12},"end":{"line":377,"column":59}},"173":{"start":{"line":378,"column":12},"end":{"line":378,"column":38}},"174":{"start":{"line":379,"column":12},"end":{"line":379,"column":57}},"175":{"start":{"line":380,"column":12},"end":{"line":380,"column":44}},"176":{"start":{"line":381,"column":12},"end":{"line":381,"column":69}},"177":{"start":{"line":382,"column":12},"end":{"line":382,"column":38}},"178":{"start":{"line":383,"column":12},"end":{"line":383,"column":56}},"179":{"start":{"line":385,"column":12},"end":{"line":385,"column":58}},"180":{"start":{"line":386,"column":12},"end":{"line":386,"column":30}},"181":{"start":{"line":387,"column":12},"end":{"line":389,"column":15}},"182":{"start":{"line":388,"column":16},"end":{"line":388,"column":44}},"183":{"start":{"line":390,"column":12},"end":{"line":390,"column":38}},"184":{"start":{"line":391,"column":12},"end":{"line":391,"column":81}},"185":{"start":{"line":393,"column":12},"end":{"line":393,"column":42}},"186":{"start":{"line":418,"column":12},"end":{"line":418,"column":64}},"187":{"start":{"line":420,"column":12},"end":{"line":420,"column":42}},"188":{"start":{"line":422,"column":12},"end":{"line":425,"column":13}},"189":{"start":{"line":423,"column":16},"end":{"line":423,"column":30}},"190":{"start":{"line":427,"column":12},"end":{"line":427,"column":42}},"191":{"start":{"line":428,"column":12},"end":{"line":428,"column":73}},"192":{"start":{"line":429,"column":12},"end":{"line":429,"column":53}},"193":{"start":{"line":431,"column":12},"end":{"line":431,"column":46}},"194":{"start":{"line":432,"column":12},"end":{"line":432,"column":68}},"195":{"start":{"line":433,"column":12},"end":{"line":445,"column":13}},"196":{"start":{"line":435,"column":16},"end":{"line":441,"column":17}},"197":{"start":{"line":436,"column":20},"end":{"line":440,"column":22}},"198":{"start":{"line":443,"column":16},"end":{"line":443,"column":74}},"199":{"start":{"line":444,"column":16},"end":{"line":444,"column":85}},"200":{"start":{"line":446,"column":12},"end":{"line":446,"column":30}},"201":{"start":{"line":447,"column":12},"end":{"line":449,"column":15}},"202":{"start":{"line":448,"column":16},"end":{"line":448,"column":40}},"203":{"start":{"line":450,"column":12},"end":{"line":455,"column":15}},"204":{"start":{"line":452,"column":16},"end":{"line":454,"column":17}},"205":{"start":{"line":453,"column":20},"end":{"line":453,"column":76}},"206":{"start":{"line":458,"column":12},"end":{"line":458,"column":22}},"207":{"start":{"line":462,"column":8},"end":{"line":465,"column":11}},"208":{"start":{"line":464,"column":12},"end":{"line":464,"column":42}}},"branchMap":{"1":{"line":32,"type":"if","locations":[{"start":{"line":32,"column":4},"end":{"line":32,"column":4},"skip":true},{"start":{"line":32,"column":4},"end":{"line":32,"column":4},"skip":true}]},"2":{"line":32,"type":"binary-expr","locations":[{"start":{"line":32,"column":8},"end":{"line":32,"column":34},"skip":true},{"start":{"line":32,"column":38},"end":{"line":32,"column":44},"skip":true}]},"3":{"line":36,"type":"if","locations":[{"start":{"line":36,"column":4},"end":{"line":36,"column":4},"skip":true},{"start":{"line":36,"column":4},"end":{"line":36,"column":4},"skip":true}]},"4":{"line":36,"type":"binary-expr","locations":[{"start":{"line":36,"column":8},"end":{"line":36,"column":34},"skip":true},{"start":{"line":36,"column":38},"end":{"line":36,"column":44},"skip":true}]},"5":{"line":40,"type":"if","locations":[{"start":{"line":40,"column":4},"end":{"line":40,"column":4},"skip":true},{"start":{"line":40,"column":4},"end":{"line":40,"column":4},"skip":true}]},"6":{"line":40,"type":"binary-expr","locations":[{"start":{"line":40,"column":8},"end":{"line":40,"column":34},"skip":true},{"start":{"line":40,"column":38},"end":{"line":40,"column":44},"skip":true}]},"7":{"line":71,"type":"if","locations":[{"start":{"line":71,"column":12},"end":{"line":71,"column":12}},{"start":{"line":71,"column":12},"end":{"line":71,"column":12}}]},"8":{"line":75,"type":"if","locations":[{"start":{"line":75,"column":12},"end":{"line":75,"column":12}},{"start":{"line":75,"column":12},"end":{"line":75,"column":12}}]},"9":{"line":78,"type":"if","locations":[{"start":{"line":78,"column":12},"end":{"line":78,"column":12}},{"start":{"line":78,"column":12},"end":{"line":78,"column":12}}]},"10":{"line":83,"type":"if","locations":[{"start":{"line":83,"column":12},"end":{"line":83,"column":12}},{"start":{"line":83,"column":12},"end":{"line":83,"column":12}}]},"11":{"line":84,"type":"cond-expr","locations":[{"start":{"line":85,"column":22},"end":{"line":85,"column":23}},{"start":{"line":86,"column":22},"end":{"line":88,"column":23}}]},"12":{"line":86,"type":"cond-expr","locations":[{"start":{"line":87,"column":22},"end":{"line":87,"column":24}},{"start":{"line":88,"column":22},"end":{"line":88,"column":23}}]},"13":{"line":90,"type":"if","locations":[{"start":{"line":90,"column":12},"end":{"line":90,"column":12}},{"start":{"line":90,"column":12},"end":{"line":90,"column":12}}]},"14":{"line":93,"type":"if","locations":[{"start":{"line":93,"column":12},"end":{"line":93,"column":12}},{"start":{"line":93,"column":12},"end":{"line":93,"column":12}}]},"15":{"line":96,"type":"if","locations":[{"start":{"line":96,"column":12},"end":{"line":96,"column":12}},{"start":{"line":96,"column":12},"end":{"line":96,"column":12}}]},"16":{"line":99,"type":"if","locations":[{"start":{"line":99,"column":12},"end":{"line":99,"column":12}},{"start":{"line":99,"column":12},"end":{"line":99,"column":12}}]},"17":{"line":102,"type":"if","locations":[{"start":{"line":102,"column":12},"end":{"line":102,"column":12}},{"start":{"line":102,"column":12},"end":{"line":102,"column":12}}]},"18":{"line":105,"type":"if","locations":[{"start":{"line":105,"column":12},"end":{"line":105,"column":12}},{"start":{"line":105,"column":12},"end":{"line":105,"column":12}}]},"19":{"line":130,"type":"binary-expr","locations":[{"start":{"line":130,"column":18},"end":{"line":130,"column":22}},{"start":{"line":130,"column":26},"end":{"line":130,"column":48}}]},"20":{"line":132,"type":"cond-expr","locations":[{"start":{"line":133,"column":22},"end":{"line":133,"column":32}},{"start":{"line":134,"column":22},"end":{"line":134,"column":31}}]},"21":{"line":135,"type":"binary-expr","locations":[{"start":{"line":135,"column":22},"end":{"line":135,"column":26}},{"start":{"line":135,"column":30},"end":{"line":135,"column":52}}]},"22":{"line":146,"type":"if","locations":[{"start":{"line":146,"column":12},"end":{"line":146,"column":12}},{"start":{"line":146,"column":12},"end":{"line":146,"column":12}}]},"23":{"line":152,"type":"binary-expr","locations":[{"start":{"line":152,"column":18},"end":{"line":152,"column":22}},{"start":{"line":152,"column":26},"end":{"line":152,"column":47}}]},"24":{"line":155,"type":"cond-expr","locations":[{"start":{"line":156,"column":22},"end":{"line":156,"column":32}},{"start":{"line":157,"column":22},"end":{"line":157,"column":31}}]},"25":{"line":158,"type":"binary-expr","locations":[{"start":{"line":158,"column":22},"end":{"line":158,"column":26}},{"start":{"line":158,"column":30},"end":{"line":158,"column":51}}]},"26":{"line":167,"type":"cond-expr","locations":[{"start":{"line":168,"column":22},"end":{"line":168,"column":31}},{"start":{"line":169,"column":22},"end":{"line":169,"column":32}}]},"27":{"line":170,"type":"binary-expr","locations":[{"start":{"line":170,"column":22},"end":{"line":170,"column":26}},{"start":{"line":170,"column":30},"end":{"line":170,"column":51}}]},"28":{"line":172,"type":"binary-expr","locations":[{"start":{"line":172,"column":23},"end":{"line":172,"column":27}},{"start":{"line":172,"column":31},"end":{"line":172,"column":39}}]},"29":{"line":177,"type":"if","locations":[{"start":{"line":177,"column":16},"end":{"line":177,"column":16}},{"start":{"line":177,"column":16},"end":{"line":177,"column":16}}]},"30":{"line":177,"type":"binary-expr","locations":[{"start":{"line":177,"column":20},"end":{"line":177,"column":46}},{"start":{"line":177,"column":50},"end":{"line":177,"column":76}}]},"31":{"line":181,"type":"if","locations":[{"start":{"line":181,"column":16},"end":{"line":181,"column":16}},{"start":{"line":181,"column":16},"end":{"line":181,"column":16}}]},"32":{"line":185,"type":"if","locations":[{"start":{"line":185,"column":16},"end":{"line":185,"column":16}},{"start":{"line":185,"column":16},"end":{"line":185,"column":16}}]},"33":{"line":199,"type":"if","locations":[{"start":{"line":199,"column":12},"end":{"line":199,"column":12}},{"start":{"line":199,"column":12},"end":{"line":199,"column":12}}]},"34":{"line":202,"type":"if","locations":[{"start":{"line":202,"column":12},"end":{"line":202,"column":12}},{"start":{"line":202,"column":12},"end":{"line":202,"column":12}}]},"35":{"line":202,"type":"binary-expr","locations":[{"start":{"line":202,"column":16},"end":{"line":202,"column":84}},{"start":{"line":203,"column":20},"end":{"line":203,"column":43}}]},"36":{"line":206,"type":"if","locations":[{"start":{"line":206,"column":12},"end":{"line":206,"column":12}},{"start":{"line":206,"column":12},"end":{"line":206,"column":12}}]},"37":{"line":220,"type":"if","locations":[{"start":{"line":220,"column":12},"end":{"line":220,"column":12}},{"start":{"line":220,"column":12},"end":{"line":220,"column":12}}]},"38":{"line":223,"type":"if","locations":[{"start":{"line":223,"column":12},"end":{"line":223,"column":12}},{"start":{"line":223,"column":12},"end":{"line":223,"column":12}}]},"39":{"line":235,"type":"if","locations":[{"start":{"line":235,"column":12},"end":{"line":235,"column":12}},{"start":{"line":235,"column":12},"end":{"line":235,"column":12}}]},"40":{"line":238,"type":"if","locations":[{"start":{"line":238,"column":12},"end":{"line":238,"column":12}},{"start":{"line":238,"column":12},"end":{"line":238,"column":12}}]},"41":{"line":242,"type":"if","locations":[{"start":{"line":242,"column":12},"end":{"line":242,"column":12}},{"start":{"line":242,"column":12},"end":{"line":242,"column":12}}]},"42":{"line":259,"type":"if","locations":[{"start":{"line":259,"column":16},"end":{"line":259,"column":16}},{"start":{"line":259,"column":16},"end":{"line":259,"column":16}}]},"43":{"line":264,"type":"if","locations":[{"start":{"line":264,"column":16},"end":{"line":264,"column":16}},{"start":{"line":264,"column":16},"end":{"line":264,"column":16}}]},"44":{"line":282,"type":"if","locations":[{"start":{"line":282,"column":12},"end":{"line":282,"column":12}},{"start":{"line":282,"column":12},"end":{"line":282,"column":12}}]},"45":{"line":285,"type":"if","locations":[{"start":{"line":285,"column":12},"end":{"line":285,"column":12}},{"start":{"line":285,"column":12},"end":{"line":285,"column":12}}]},"46":{"line":288,"type":"if","locations":[{"start":{"line":288,"column":12},"end":{"line":288,"column":12}},{"start":{"line":288,"column":12},"end":{"line":288,"column":12}}]},"47":{"line":328,"type":"binary-expr","locations":[{"start":{"line":328,"column":18},"end":{"line":328,"column":27}},{"start":{"line":328,"column":31},"end":{"line":328,"column":45}},{"start":{"line":328,"column":50},"end":{"line":328,"column":51}}]},"48":{"line":329,"type":"binary-expr","locations":[{"start":{"line":329,"column":18},"end":{"line":329,"column":28}},{"start":{"line":329,"column":32},"end":{"line":329,"column":47}},{"start":{"line":329,"column":52},"end":{"line":329,"column":53}}]},"49":{"line":352,"type":"if","locations":[{"start":{"line":352,"column":12},"end":{"line":352,"column":12}},{"start":{"line":352,"column":12},"end":{"line":352,"column":12}}]},"50":{"line":358,"type":"binary-expr","locations":[{"start":{"line":358,"column":22},"end":{"line":358,"column":29}},{"start":{"line":358,"column":33},"end":{"line":358,"column":35}}]},"51":{"line":435,"type":"if","locations":[{"start":{"line":435,"column":16},"end":{"line":435,"column":16}},{"start":{"line":435,"column":16},"end":{"line":435,"column":16}}]},"52":{"line":452,"type":"if","locations":[{"start":{"line":452,"column":16},"end":{"line":452,"column":16}},{"start":{"line":452,"column":16},"end":{"line":452,"column":16}}]}},"code":["/*"," * rbst-lite.js"," * https://github.com/kaizhu256/node-rbst-lite"," *"," * this package will provide a javascript implementation of randomized-binary-search-tree"," * derived from http://kukuruku.co/hub/cpp/randomized-binary-search-trees"," * with zero npm-dependencies"," *"," * quickstart example:"," *     copy and paste this entire script into the browser or nodejs console and press <enter>"," */","","","","/* istanbul instrument in package rbst-lite */","/*jslint","    bitwise: true,","    browser: true,","    maxerr: 8,","    maxlen: 96,","    node: true,","    nomen: true,","    regexp: true,","    stupid: true","*/","(function () {","    'use strict';","    var local;","    local = {};","    // globally export local","    /* istanbul ignore next */","    if (typeof global === 'object' && global) {","        global.rbst_lite = local;","    }","    /* istanbul ignore next */","    if (typeof module === 'object' && module) {","        module.exports = local;","    }","    /* istanbul ignore next */","    if (typeof window === 'object' && window) {","        window.rbst_lite = local;","    }","","","","    // run shared js-env code - lib.rbst.js","    (function (local) {","        var compare,","            create,","            find,","            findInKeyRange,","            insert,","            insertAsRoot,","            join,","            print,","            remove,","            rotateLeft,","            rotateRight,","            sizeUpdate;","","        compare = function (aa, bb) {","        /*","         * this function will compare aa vs bb and return:","         * -1 if aa < bb","         *  0 if aa === bb","         *  1 if aa > bb","         * the priority for comparing different typeof's is:","         * number < boolean < string < object < undefined","         */","            var typeof1, typeof2;","            if (aa === bb) {","                return 0;","            }","            // handle undefined case","            if (aa === undefined) {","                return 1;","            }","            if (bb === undefined) {","                return -1;","            }","            typeof1 = typeof aa;","            typeof2 = typeof bb;","            if (typeof1 === typeof2) {","                return typeof1 === 'object'","                    ? 0","                    : aa < bb","                    ? -1","                    : 1;","            }","            if (typeof1 === 'number') {","                return -1;","            }","            if (typeof2 === 'number') {","                return 1;","            }","            if (typeof1 === 'boolean') {","                return -1;","            }","            if (typeof2 === 'boolean') {","                return 1;","            }","            if (typeof1 === 'string') {","                return -1;","            }","            if (typeof2 === 'string') {","                return 1;","            }","            return 0;","        };","","        create = function (key, data) {","        /*","         * this function will create a tree with the given key and data","         */","            return {","                key: key,","                data: data,","                left: null,","                right: null,","                size: 1","            };","        };","","        find = function (tree, key) {","        /*","         * this function will find the node in the tree with the given key","         */","            var node, tmp;","            node = tree;","            tmp = node && compare(node.key, key);","            while (tmp) {","                node = tmp === -1","                    ? node.right","                    : node.left;","                tmp = node && compare(node.key, key);","            }","            return node;","        };","","        findInKeyRange = function (tree, aa, bb, fnc) {","        /*","         * this function will iteratively call fnc on all nodes in the tree,","         * with keys in the inclusive key-range [aa, bb]","         */","            var node, sentinel, stack, tmp, traversedList;","            if (!tree) {","                return;","            }","            // find first node with key >= aa","            node = tree;","            stack = [node];","            tmp = node && compare(node.key, aa);","            while (node) {","                stack.push(node);","                node = tmp === -1","                    ? node.right","                    : node.left;","                tmp = node && compare(node.key, aa);","            }","            traversedList = stack.slice();","            // find last node with key <= bb","            sentinel = null;","            node = tree;","            tmp = compare(node.key, bb);","            while (node) {","                sentinel = node;","                node = tmp === 1","                    ? node.left","                    : node.right;","                tmp = node && compare(node.key, bb);","            }","            sentinel = node || sentinel;","            // begin traversal with first node with key >= aa","            while (stack.length) {","                node = stack.pop();","                tmp = compare(node.key, bb);","                if (compare(node.key, aa) >= 0 && compare(node.key, bb) <= 0) {","                    fnc(node);","                }","                // end traversal with last node with key <= bb","                if (node === sentinel) {","                    return;","                }","                node = node.right;","                if (traversedList.indexOf(node) < 0) {","                    while (node) {","                        stack.push(node);","                        node = node.left;","                    }","                }","            }","        };","","        insert = function (tree, key, data) {","        /*","         * this function will insert a new node in the tree with the given key and data,","         * with random re-balancing","         */","            if (!tree) {","                return create(key, data);","            }","            if (Math.floor(Math.random() * 0x10000000000000) % (tree.size + 1) === 0 &&","                    typeof key !== 'object') {","                return insertAsRoot(tree, key, data);","            }","            if (compare(key, tree.key) === -1) {","                tree.left = insert(tree.left, key, data);","            } else {","                tree.right = insert(tree.right, key, data);","            }","            sizeUpdate(tree);","            return tree;","        };","","        insertAsRoot = function (tree, key, data) {","        /*","         * this function will insert a new node in the tree with the given key and data,","         * and rebalance it as the root node","         */","            if (!tree) {","                return create(key, data);","            }","            if (compare(key, tree.key) === -1) {","                tree.left = insertAsRoot(tree.left, key, data);","                return rotateRight(tree);","            }","            tree.right = insertAsRoot(tree.right, key, data);","            return rotateLeft(tree);","        };","","        join = function (left, right) {","        /*","         * this function will join the left and right trees after deleting their parent tree","         */","            if (!left) {","                return right;","            }","            if (!right) {","                return left;","            }","            // left is heavy, so move it up","            if (left.size > right.size) {","                left.right = join(left.right, right);","                sizeUpdate(left);","                return left;","            }","            // right is heavy, so move it up","            right.left = join(left, right.left);","            sizeUpdate(right);","            return right;","        };","","        print = function (tree) {","        /*","         * this function will print the tree","         */","            var height, ii, recurse;","            recurse = function (tree, depth) {","                if (!tree) {","                    return;","                }","                recurse(tree.left, depth + '* ');","                ii += 1;","                if (depth > height) {","                    height = depth;","                }","                console.log('(' + ii + ',' + (depth.length / 2) + ',' + tree.size + ') ' +","                    depth + JSON.stringify(tree.key));","                recurse(tree.right, depth + '* ');","            };","            height = '';","            ii = -1;","            console.log('\\ntree\\n(ii,depth,size) key');","            recurse(tree, '');","            console.log('height = ' + height.length / 2);","        };","","        remove = function (tree, key) {","        /*","         * this function will remove the node in the tree with the given key","         */","            if (!tree) {","                return tree;","            }","            if (tree.key === key) {","                return join(tree.left, tree.right);","            }","            if (compare(key, tree.key) === -1) {","                tree.left = remove(tree.left, key);","            } else {","                tree.right = remove(tree.right, key);","            }","            sizeUpdate(tree);","            return tree;","        };","","        rotateLeft = function (tree) {","        /*","         * this function will rotate-left tree.right up to its parent tree's position","         */","            var right;","            right = tree.right;","            tree.right = right.left;","            sizeUpdate(tree);","            right.left = tree;","            sizeUpdate(right);","            return right;","        };","","        rotateRight = function (tree) {","        /*","         * this function will rotate-right tree.left up to its parent tree's position","         */","            var left;","            left = tree.left;","            tree.left = left.right;","            sizeUpdate(tree);","            left.right = tree;","            sizeUpdate(left);","            return left;","        };","","        sizeUpdate = function (tree) {","        /*","         * this function will update tree.size","         */","            tree.size = 1 +","                ((tree.left && tree.left.size) || 0) +","                ((tree.right && tree.right.size) || 0);","        };","","        // init local","        local.rbstCompare = compare;","        local.rbstCreate = create;","        local.rbstFind = find;","        local.rbstFindInKeyRange = findInKeyRange;","        local.rbstInsert = insert;","        local.rbstPrint = print;","        local.rbstRemove = remove;","    }(local));","","","","    // run browser js-env code - test","    (function (local) {","        var assert, testCase_rbst_default;","","        assert = function (passed, data) {","        /*","         * this function will, if passed is falsey, throw an error with the given data","         */","            if (!passed) {","                throw new Error(JSON.stringify(data));","            }","        };","","        testCase_rbst_default = function (options, onError) {","            options = options || {};","            // create tree","            options.tree = local.rbstCreate(null, null);","            [","                -1, -0.5, 0, 0, 1, 2, 3,","                false, true,","                '-1', '0', '1', 'a', 'b',","                null, undefined, {}, []","            ]","                // shuffle list","                .sort(function () {","                    return Math.floor(Math.random() * 3) - 1;","                })","                .forEach(function (key, data) {","                    // insert","                    options.tree = local.rbstInsert(options.tree, key, data);","                });","            // find","            console.log('\\nfind 0');","            options.data = local.rbstFind(options.tree, 0);","            console.log(options.data);","            assert(options.data.key === 0, options.data);","            console.log('\\nfind undefined');","            options.data = local.rbstFind(options.tree, 'undefined');","            console.log(options.data);","            assert(options.data === null, options.data);","            // findInKeyRange","            console.log('\\nfindInKeyRange [0, Infinity]');","            options.data = [];","            local.rbstFindInKeyRange(options.tree, 0, Infinity, function (node) {","                options.data.push(node.key);","            });","            console.log(options.data);","            assert(JSON.stringify(options.data) === '[0,0,1,2,3]', options.data);","            // print","            local.rbstPrint(options.tree);","            // output:","            // options.tree","            // (ii,depth) key","            // (0,3) * * * -1","            // (1,2) * * -0.5","            // (2,5) * * * * * 0","            // (3,4) * * * * 0","            // (4,3) * * * 1","            // (5,1) * 2","            // (6,3) * * * 3","            // (7,2) * * false","            // (8,0) true","            // (9,3) * * * \"-1\"","            // (10,5) * * * * * \"0\"","            // (11,4) * * * * \"1\"","            // (12,2) * * \"a\"","            // (13,1) * \"b\"","            // (14,2) * * null","            // (15,3) * * * []","            // (16,4) * * * * null","            // (17,6) * * * * * * {}","            // (18,5) * * * * * undefined","            // height = 6","            // remove","            options.tree = local.rbstRemove(options.tree, true);","            // print","            local.rbstPrint(options.tree);","            // coverage-hack - assert","            try {","                assert(false);","            } catch (ignore) {","            }","            // coverage-hack - compare","            options.symbolCreate = Symbol;","            options.data = local.rbstCompare({}, options.symbolCreate());","            assert(options.data === 0, options.data);","            // coverage-hack - remove","            options.tree = local.rbstRemove();","            local.rbstFindInKeyRange(null, null, null, console.log);","            for (options.ii = 0; options.ii < 0x100; options.ii += 1) {","                // coverage-hack - insert","                if (Math.random() >= 0.5) {","                    options.tree = local.rbstInsert(","                        options.tree,","                        options.ii,","                        'options.data' + options.ii","                    );","                }","                // coverage-hack - find","                local.rbstFind(options.tree, 'options.data' + options.ii);","                local.rbstFindInKeyRange(options.tree, -Infinity, undefined, assert);","            }","            options.data = [];","            local.rbstFindInKeyRange(options.tree, 0.5, 256.5, function (node) {","                options.data.push(node);","            });","            options.data.forEach(function (node) {","                // remove","                if (Math.random() >= 0.5) {","                    options.tree = local.rbstRemove(options.tree, node.key);","                }","            });","            // print","            // local.rbstPrint(options.tree);","            onError();","        };","","        // run test","        testCase_rbst_default(null, function (error) {","            // validate no error occurred","            console.assert(!error, error);","        });","    }(local));","}());",""],"l":{"26":1,"28":1,"29":1,"32":1,"33":1,"36":1,"37":1,"40":1,"41":1,"47":1,"48":1,"61":1,"70":50890,"71":50890,"72":6,"75":50884,"76":8,"78":50876,"79":32036,"81":18840,"82":18840,"83":18840,"84":17806,"90":1034,"91":1001,"93":33,"94":19,"96":14,"97":3,"99":11,"100":2,"102":9,"103":5,"105":4,"106":3,"108":1,"111":1,"115":137,"124":1,"128":258,"129":258,"130":258,"131":258,"132":1002,"135":1002,"137":258,"140":1,"145":259,"146":259,"147":2,"150":257,"151":257,"152":257,"153":257,"154":1137,"155":1137,"158":1137,"160":257,"162":257,"163":257,"164":257,"165":257,"166":1003,"167":1003,"170":1003,"172":257,"174":257,"175":15645,"176":15645,"177":15645,"178":15643,"181":15645,"182":257,"184":15388,"185":15388,"186":15387,"187":14510,"188":14510,"194":1,"199":516,"200":72,"202":444,"204":64,"206":380,"207":10,"209":370,"211":380,"212":380,"215":1,"220":203,"221":64,"223":139,"224":9,"225":9,"227":130,"228":130,"231":1,"235":112,"236":27,"238":85,"239":31,"242":54,"243":21,"244":21,"245":21,"248":33,"249":33,"250":33,"253":1,"257":2,"258":2,"259":76,"260":39,"262":37,"263":37,"264":37,"265":11,"267":37,"269":37,"271":2,"272":2,"273":2,"274":2,"275":2,"278":1,"282":353,"283":1,"285":352,"286":58,"288":294,"289":168,"291":126,"293":294,"294":294,"297":1,"301":130,"302":130,"303":130,"304":130,"305":130,"306":130,"307":130,"310":1,"314":9,"315":9,"316":9,"317":9,"318":9,"319":9,"320":9,"323":1,"327":1006,"333":1,"334":1,"335":1,"336":1,"337":1,"338":1,"339":1,"345":1,"346":1,"348":1,"352":15525,"353":1,"357":1,"358":1,"360":1,"361":1,"369":28,"373":18,"376":1,"377":1,"378":1,"379":1,"380":1,"381":1,"382":1,"383":1,"385":1,"386":1,"387":1,"388":5,"390":1,"391":1,"393":1,"418":1,"420":1,"422":1,"423":1,"427":1,"428":1,"429":1,"431":1,"432":1,"433":1,"435":256,"436":118,"443":256,"444":256,"446":1,"447":1,"448":118,"450":1,"452":118,"453":57,"458":1,"462":1,"464":1}}}