{"/home/travis/build/kaizhu256/node-rbst-lite/test.js":{"path":"/home/travis/build/kaizhu256/node-rbst-lite/test.js","s":{"1":1,"2":1,"3":1,"4":1,"5":1,"6":1,"7":1,"8":1,"9":1,"10":1,"11":1,"12":3,"13":1,"14":1,"15":1,"16":3,"17":1,"18":1,"19":1,"20":1,"21":1,"22":1,"23":1,"24":1,"25":1,"26":1,"27":1,"28":1},"b":{"1":[1],"2":[1,1,1],"3":[1]},"f":{"1":1,"2":1,"3":1,"4":3,"5":1,"6":3},"fnMap":{"1":{"name":"(anonymous_1)","line":12,"loc":{"start":{"line":12,"column":1},"end":{"line":12,"column":13}}},"2":{"name":"(anonymous_2)","line":19,"loc":{"start":{"line":19,"column":5},"end":{"line":19,"column":17}}},"3":{"name":"(anonymous_3)","line":33,"loc":{"start":{"line":33,"column":35},"end":{"line":33,"column":63}}},"4":{"name":"(anonymous_4)","line":38,"loc":{"start":{"line":38,"column":43},"end":{"line":38,"column":60}}},"5":{"name":"(anonymous_5)","line":47,"loc":{"start":{"line":47,"column":60},"end":{"line":47,"column":75}}},"6":{"name":"(anonymous_6)","line":54,"loc":{"start":{"line":54,"column":33},"end":{"line":54,"column":49}}}},"statementMap":{"1":{"start":{"line":12,"column":0},"end":{"line":95,"column":5}},"2":{"start":{"line":14,"column":4},"end":{"line":14,"column":14}},"3":{"start":{"line":19,"column":4},"end":{"line":26,"column":9}},"4":{"start":{"line":21,"column":8},"end":{"line":21,"column":38}},"5":{"start":{"line":22,"column":8},"end":{"line":22,"column":30}},"6":{"start":{"line":24,"column":8},"end":{"line":24,"column":33}},"7":{"start":{"line":25,"column":8},"end":{"line":25,"column":45}},"8":{"start":{"line":27,"column":4},"end":{"line":82,"column":5}},"9":{"start":{"line":33,"column":8},"end":{"line":80,"column":10}},"10":{"start":{"line":37,"column":12},"end":{"line":37,"column":25}},"11":{"start":{"line":38,"column":12},"end":{"line":77,"column":15}},"12":{"start":{"line":39,"column":16},"end":{"line":76,"column":17}},"13":{"start":{"line":41,"column":20},"end":{"line":46,"column":22}},"14":{"start":{"line":47,"column":20},"end":{"line":59,"column":23}},"15":{"start":{"line":48,"column":24},"end":{"line":58,"column":40}},"16":{"start":{"line":55,"column":32},"end":{"line":57,"column":55}},"17":{"start":{"line":61,"column":20},"end":{"line":65,"column":22}},"18":{"start":{"line":66,"column":20},"end":{"line":66,"column":26}},"19":{"start":{"line":68,"column":20},"end":{"line":72,"column":39}},"20":{"start":{"line":73,"column":20},"end":{"line":73,"column":26}},"21":{"start":{"line":75,"column":20},"end":{"line":75,"column":35}},"22":{"start":{"line":78,"column":12},"end":{"line":78,"column":33}},"23":{"start":{"line":79,"column":12},"end":{"line":79,"column":29}},"24":{"start":{"line":81,"column":8},"end":{"line":81,"column":14}},"25":{"start":{"line":83,"column":4},"end":{"line":94,"column":5}},"26":{"start":{"line":90,"column":8},"end":{"line":90,"column":27},"skip":true},"27":{"start":{"line":92,"column":8},"end":{"line":92,"column":38},"skip":true},"28":{"start":{"line":93,"column":8},"end":{"line":93,"column":14},"skip":true}},"branchMap":{"1":{"line":27,"type":"switch","locations":[{"start":{"line":32,"column":4},"end":{"line":81,"column":14}}]},"2":{"line":39,"type":"switch","locations":[{"start":{"line":40,"column":16},"end":{"line":66,"column":26}},{"start":{"line":67,"column":16},"end":{"line":73,"column":26}},{"start":{"line":74,"column":16},"end":{"line":75,"column":35}}]},"3":{"line":83,"type":"switch","locations":[{"start":{"line":89,"column":4},"end":{"line":93,"column":14},"skip":true}]}},"code":["/* istanbul instrument in package rbst-lite */","/*jslint","    bitwise: true,","    browser: true,","    maxerr: 8,","    maxlen: 96,","    node: true,","    nomen: true,","    regexp: true,","    stupid: true","*/","(function () {","    'use strict';","    var local;","","","","    // run node js-env code - pre-init","    (function () {","        // init local","        local = require('./index.js');","        local.modeJs = 'node';","        // require modules","        local.fs = require('fs');","        local.utility2 = require('utility2');","    }());","    switch (local.modeJs) {","","","","    // run node js-env code - function","    case 'node':","        local.testCase_build_doc = function (options, onError) {","        /*","         * this function will test build's doc handling-behavior","         */","            options = {};","            local.utility2.onNext(options, function (error) {","                switch (options.modeNext) {","                case 1:","                    options.moduleDict = {","                        'rbst-lite': {","                            exampleList: [],","                            exports: local","                        }","                    };","                    Object.keys(options.moduleDict).forEach(function (key) {","                        options.moduleDict[key].example = [","                            'README.md',","                            'test.js',","                            'index.js'","                        ]","                            .concat(options.moduleDict[key].exampleList)","                            .map(function (file) {","                                return '\\n\\n\\n\\n\\n\\n\\n\\n' +","                                    local.fs.readFileSync(file, 'utf8') +","                                    '\\n\\n\\n\\n\\n\\n\\n\\n';","                            }).join('');","                    });","                    // create doc.api.html","                    local.utility2.fsWriteFileWithMkdirp(","                        local.utility2.envDict.npm_config_dir_build + '/doc.api.html',","                        local.utility2.docApiCreate(options),","                        options.onNext","                    );","                    break;","                case 2:","                    local.utility2.browserTest({","                        modeBrowserTest: 'screenCapture',","                        url: 'file://' + local.utility2.envDict.npm_config_dir_build +","                            '/doc.api.html'","                    }, options.onNext);","                    break;","                default:","                    onError(error);","                }","            });","            options.modeNext = 0;","            options.onNext();","        };","        break;","    }","    switch (local.modeJs) {","","","","    /* istanbul ignore next */","    // run node js-env code - post-init","    case 'node':","        local.modeTest = 1;","        // run test-server","        local.utility2.testRun(local);","        break;","    }","}());",""],"l":{"12":1,"14":1,"19":1,"21":1,"22":1,"24":1,"25":1,"27":1,"33":1,"37":1,"38":1,"39":3,"41":1,"47":1,"48":1,"55":3,"61":1,"66":1,"68":1,"73":1,"75":1,"78":1,"79":1,"81":1,"83":1,"90":1,"92":1,"93":1}},"/home/travis/build/kaizhu256/node-rbst-lite/index.js":{"path":"/home/travis/build/kaizhu256/node-rbst-lite/index.js","s":{"1":1,"2":1,"3":1,"4":1,"5":1,"6":1,"7":1,"8":1,"9":0,"10":1,"11":1,"12":1,"13":107739,"14":107739,"15":13,"16":107726,"17":11,"18":107715,"19":67426,"20":40289,"21":40289,"22":40289,"23":37578,"24":2711,"25":2626,"26":85,"27":46,"28":39,"29":17,"30":22,"31":3,"32":19,"33":10,"34":9,"35":7,"36":2,"37":1,"38":298,"39":1,"40":516,"41":516,"42":516,"43":516,"44":2614,"45":2614,"46":516,"47":1,"48":518,"49":518,"50":3,"51":515,"52":515,"53":515,"54":515,"55":2120,"56":2120,"57":2120,"58":515,"59":515,"60":515,"61":515,"62":515,"63":2628,"64":2628,"65":2628,"66":515,"67":515,"68":32685,"69":32685,"70":32685,"71":32680,"72":32685,"73":515,"74":32170,"75":32170,"76":32169,"77":30572,"78":30572,"79":1,"80":1429,"81":143,"82":1286,"83":153,"84":1133,"85":41,"86":1092,"87":1133,"88":1133,"89":1,"90":439,"91":153,"92":286,"93":20,"94":20,"95":266,"96":266,"97":1,"98":256,"99":64,"100":192,"101":76,"102":116,"103":30,"104":30,"105":30,"106":86,"107":86,"108":86,"109":1,"110":4,"111":4,"112":152,"113":78,"114":74,"115":74,"116":74,"117":14,"118":74,"119":74,"120":4,"121":4,"122":4,"123":4,"124":4,"125":1,"126":1044,"127":2,"128":1042,"129":140,"130":902,"131":507,"132":395,"133":902,"134":902,"135":1,"136":266,"137":266,"138":266,"139":266,"140":266,"141":266,"142":266,"143":1,"144":20,"145":20,"146":20,"147":20,"148":20,"149":20,"150":20,"151":1,"152":2723,"153":1,"154":1,"155":1,"156":1,"157":1,"158":1,"159":1,"160":1,"161":1,"162":1,"163":32421,"164":2,"165":1,"166":2,"167":2,"168":2,"169":64,"170":36,"171":2,"172":2,"173":2,"174":2,"175":2,"176":2,"177":2,"178":2,"179":2,"180":2,"181":2,"182":10,"183":2,"184":2,"185":2,"186":2,"187":2,"188":2,"189":2,"190":2,"191":2,"192":2,"193":2,"194":2,"195":2,"196":512,"197":260,"198":512,"199":512,"200":2,"201":2,"202":259,"203":2,"204":259,"205":138,"206":2,"207":1,"208":1},"b":{"1":[1,0],"2":[1,1],"3":[1,0],"4":[1,1],"5":[0,1],"6":[1,0],"7":[13,107726],"8":[11,107715],"9":[67426,40289],"10":[37578,2711],"11":[10,37568],"12":[1087,36481],"13":[2626,85],"14":[46,39],"15":[17,22],"16":[3,19],"17":[10,9],"18":[7,2],"19":[516,515],"20":[2610,4],"21":[2614,2101],"22":[3,515],"23":[515,515],"24":[3,2117],"25":[2120,1605],"26":[9,2619],"27":[2628,2113],"28":[515,515],"29":[32680,5],"30":[32685,32682],"31":[515,32170],"32":[32169,1],"33":[143,1286],"34":[153,1133],"35":[1286,157],"36":[41,1092],"37":[153,286],"38":[20,266],"39":[64,192],"40":[76,116],"41":[30,86],"42":[78,74],"43":[14,60],"44":[2,1042],"45":[140,902],"46":[507,395],"47":[2723,2349,374],"48":[2723,2109,614],"49":[2,32419],"50":[2,2],"51":[260,252],"52":[138,121]},"f":{"1":1,"2":1,"3":107739,"4":298,"5":516,"6":518,"7":1429,"8":439,"9":256,"10":4,"11":152,"12":1044,"13":266,"14":20,"15":2723,"16":1,"17":32421,"18":2,"19":64,"20":36,"21":10,"22":259,"23":259,"24":1},"fnMap":{"1":{"name":"(anonymous_1)","line":26,"loc":{"start":{"line":26,"column":1},"end":{"line":26,"column":13}}},"2":{"name":"(anonymous_2)","line":47,"loc":{"start":{"line":47,"column":5},"end":{"line":47,"column":22}}},"3":{"name":"(anonymous_3)","line":61,"loc":{"start":{"line":61,"column":18},"end":{"line":61,"column":36}}},"4":{"name":"(anonymous_4)","line":111,"loc":{"start":{"line":111,"column":17},"end":{"line":111,"column":38}}},"5":{"name":"(anonymous_5)","line":124,"loc":{"start":{"line":124,"column":15},"end":{"line":124,"column":36}}},"6":{"name":"(anonymous_6)","line":140,"loc":{"start":{"line":140,"column":25},"end":{"line":140,"column":54}}},"7":{"name":"(anonymous_7)","line":194,"loc":{"start":{"line":194,"column":17},"end":{"line":194,"column":44}}},"8":{"name":"(anonymous_8)","line":215,"loc":{"start":{"line":215,"column":23},"end":{"line":215,"column":50}}},"9":{"name":"(anonymous_9)","line":231,"loc":{"start":{"line":231,"column":15},"end":{"line":231,"column":38}}},"10":{"name":"(anonymous_10)","line":253,"loc":{"start":{"line":253,"column":16},"end":{"line":253,"column":32}}},"11":{"name":"(anonymous_11)","line":258,"loc":{"start":{"line":258,"column":22},"end":{"line":258,"column":45}}},"12":{"name":"(anonymous_12)","line":278,"loc":{"start":{"line":278,"column":17},"end":{"line":278,"column":38}}},"13":{"name":"(anonymous_13)","line":297,"loc":{"start":{"line":297,"column":21},"end":{"line":297,"column":37}}},"14":{"name":"(anonymous_14)","line":310,"loc":{"start":{"line":310,"column":22},"end":{"line":310,"column":38}}},"15":{"name":"(anonymous_15)","line":323,"loc":{"start":{"line":323,"column":21},"end":{"line":323,"column":37}}},"16":{"name":"(anonymous_16)","line":345,"loc":{"start":{"line":345,"column":5},"end":{"line":345,"column":22}}},"17":{"name":"(anonymous_17)","line":348,"loc":{"start":{"line":348,"column":17},"end":{"line":348,"column":41}}},"18":{"name":"(anonymous_18)","line":357,"loc":{"start":{"line":357,"column":38},"end":{"line":357,"column":66}}},"19":{"name":"(anonymous_19)","line":368,"loc":{"start":{"line":368,"column":22},"end":{"line":368,"column":34}}},"20":{"name":"(anonymous_20)","line":371,"loc":{"start":{"line":371,"column":25},"end":{"line":371,"column":46}}},"21":{"name":"(anonymous_21)","line":387,"loc":{"start":{"line":387,"column":64},"end":{"line":387,"column":80}}},"22":{"name":"(anonymous_22)","line":447,"loc":{"start":{"line":447,"column":63},"end":{"line":447,"column":79}}},"23":{"name":"(anonymous_23)","line":450,"loc":{"start":{"line":450,"column":33},"end":{"line":450,"column":49}}},"24":{"name":"(anonymous_24)","line":462,"loc":{"start":{"line":462,"column":42},"end":{"line":462,"column":59}}}},"statementMap":{"1":{"start":{"line":26,"column":0},"end":{"line":467,"column":5}},"2":{"start":{"line":28,"column":4},"end":{"line":28,"column":14}},"3":{"start":{"line":29,"column":4},"end":{"line":29,"column":15}},"4":{"start":{"line":32,"column":4},"end":{"line":34,"column":5},"skip":true},"5":{"start":{"line":33,"column":8},"end":{"line":33,"column":33},"skip":true},"6":{"start":{"line":36,"column":4},"end":{"line":38,"column":5},"skip":true},"7":{"start":{"line":37,"column":8},"end":{"line":37,"column":31},"skip":true},"8":{"start":{"line":40,"column":4},"end":{"line":42,"column":5},"skip":true},"9":{"start":{"line":41,"column":8},"end":{"line":41,"column":33},"skip":true},"10":{"start":{"line":47,"column":4},"end":{"line":340,"column":14}},"11":{"start":{"line":48,"column":8},"end":{"line":59,"column":23}},"12":{"start":{"line":61,"column":8},"end":{"line":109,"column":10}},"13":{"start":{"line":70,"column":12},"end":{"line":70,"column":33}},"14":{"start":{"line":71,"column":12},"end":{"line":73,"column":13}},"15":{"start":{"line":72,"column":16},"end":{"line":72,"column":25}},"16":{"start":{"line":75,"column":12},"end":{"line":77,"column":13}},"17":{"start":{"line":76,"column":16},"end":{"line":76,"column":25}},"18":{"start":{"line":78,"column":12},"end":{"line":80,"column":13}},"19":{"start":{"line":79,"column":16},"end":{"line":79,"column":26}},"20":{"start":{"line":81,"column":12},"end":{"line":81,"column":32}},"21":{"start":{"line":82,"column":12},"end":{"line":82,"column":32}},"22":{"start":{"line":83,"column":12},"end":{"line":89,"column":13}},"23":{"start":{"line":84,"column":16},"end":{"line":88,"column":24}},"24":{"start":{"line":90,"column":12},"end":{"line":92,"column":13}},"25":{"start":{"line":91,"column":16},"end":{"line":91,"column":26}},"26":{"start":{"line":93,"column":12},"end":{"line":95,"column":13}},"27":{"start":{"line":94,"column":16},"end":{"line":94,"column":25}},"28":{"start":{"line":96,"column":12},"end":{"line":98,"column":13}},"29":{"start":{"line":97,"column":16},"end":{"line":97,"column":26}},"30":{"start":{"line":99,"column":12},"end":{"line":101,"column":13}},"31":{"start":{"line":100,"column":16},"end":{"line":100,"column":25}},"32":{"start":{"line":102,"column":12},"end":{"line":104,"column":13}},"33":{"start":{"line":103,"column":16},"end":{"line":103,"column":26}},"34":{"start":{"line":105,"column":12},"end":{"line":107,"column":13}},"35":{"start":{"line":106,"column":16},"end":{"line":106,"column":25}},"36":{"start":{"line":108,"column":12},"end":{"line":108,"column":21}},"37":{"start":{"line":111,"column":8},"end":{"line":122,"column":10}},"38":{"start":{"line":115,"column":12},"end":{"line":121,"column":14}},"39":{"start":{"line":124,"column":8},"end":{"line":138,"column":10}},"40":{"start":{"line":128,"column":12},"end":{"line":128,"column":26}},"41":{"start":{"line":129,"column":12},"end":{"line":129,"column":24}},"42":{"start":{"line":130,"column":12},"end":{"line":130,"column":49}},"43":{"start":{"line":131,"column":12},"end":{"line":136,"column":13}},"44":{"start":{"line":132,"column":16},"end":{"line":134,"column":32}},"45":{"start":{"line":135,"column":16},"end":{"line":135,"column":53}},"46":{"start":{"line":137,"column":12},"end":{"line":137,"column":24}},"47":{"start":{"line":140,"column":8},"end":{"line":192,"column":10}},"48":{"start":{"line":145,"column":12},"end":{"line":145,"column":58}},"49":{"start":{"line":146,"column":12},"end":{"line":148,"column":13}},"50":{"start":{"line":147,"column":16},"end":{"line":147,"column":23}},"51":{"start":{"line":150,"column":12},"end":{"line":150,"column":24}},"52":{"start":{"line":151,"column":12},"end":{"line":151,"column":27}},"53":{"start":{"line":152,"column":12},"end":{"line":152,"column":48}},"54":{"start":{"line":153,"column":12},"end":{"line":159,"column":13}},"55":{"start":{"line":154,"column":16},"end":{"line":154,"column":33}},"56":{"start":{"line":155,"column":16},"end":{"line":157,"column":32}},"57":{"start":{"line":158,"column":16},"end":{"line":158,"column":52}},"58":{"start":{"line":160,"column":12},"end":{"line":160,"column":42}},"59":{"start":{"line":162,"column":12},"end":{"line":162,"column":28}},"60":{"start":{"line":163,"column":12},"end":{"line":163,"column":24}},"61":{"start":{"line":164,"column":12},"end":{"line":164,"column":40}},"62":{"start":{"line":165,"column":12},"end":{"line":171,"column":13}},"63":{"start":{"line":166,"column":16},"end":{"line":166,"column":32}},"64":{"start":{"line":167,"column":16},"end":{"line":169,"column":33}},"65":{"start":{"line":170,"column":16},"end":{"line":170,"column":52}},"66":{"start":{"line":172,"column":12},"end":{"line":172,"column":40}},"67":{"start":{"line":174,"column":12},"end":{"line":191,"column":13}},"68":{"start":{"line":175,"column":16},"end":{"line":175,"column":35}},"69":{"start":{"line":176,"column":16},"end":{"line":176,"column":44}},"70":{"start":{"line":177,"column":16},"end":{"line":179,"column":17}},"71":{"start":{"line":178,"column":20},"end":{"line":178,"column":30}},"72":{"start":{"line":181,"column":16},"end":{"line":183,"column":17}},"73":{"start":{"line":182,"column":20},"end":{"line":182,"column":27}},"74":{"start":{"line":184,"column":16},"end":{"line":184,"column":34}},"75":{"start":{"line":185,"column":16},"end":{"line":190,"column":17}},"76":{"start":{"line":186,"column":20},"end":{"line":189,"column":21}},"77":{"start":{"line":187,"column":24},"end":{"line":187,"column":41}},"78":{"start":{"line":188,"column":24},"end":{"line":188,"column":41}},"79":{"start":{"line":194,"column":8},"end":{"line":213,"column":10}},"80":{"start":{"line":199,"column":12},"end":{"line":201,"column":13}},"81":{"start":{"line":200,"column":16},"end":{"line":200,"column":41}},"82":{"start":{"line":202,"column":12},"end":{"line":205,"column":13}},"83":{"start":{"line":204,"column":16},"end":{"line":204,"column":53}},"84":{"start":{"line":206,"column":12},"end":{"line":210,"column":13}},"85":{"start":{"line":207,"column":16},"end":{"line":207,"column":57}},"86":{"start":{"line":209,"column":16},"end":{"line":209,"column":59}},"87":{"start":{"line":211,"column":12},"end":{"line":211,"column":29}},"88":{"start":{"line":212,"column":12},"end":{"line":212,"column":24}},"89":{"start":{"line":215,"column":8},"end":{"line":229,"column":10}},"90":{"start":{"line":220,"column":12},"end":{"line":222,"column":13}},"91":{"start":{"line":221,"column":16},"end":{"line":221,"column":41}},"92":{"start":{"line":223,"column":12},"end":{"line":226,"column":13}},"93":{"start":{"line":224,"column":16},"end":{"line":224,"column":63}},"94":{"start":{"line":225,"column":16},"end":{"line":225,"column":41}},"95":{"start":{"line":227,"column":12},"end":{"line":227,"column":61}},"96":{"start":{"line":228,"column":12},"end":{"line":228,"column":36}},"97":{"start":{"line":231,"column":8},"end":{"line":251,"column":10}},"98":{"start":{"line":235,"column":12},"end":{"line":237,"column":13}},"99":{"start":{"line":236,"column":16},"end":{"line":236,"column":29}},"100":{"start":{"line":238,"column":12},"end":{"line":240,"column":13}},"101":{"start":{"line":239,"column":16},"end":{"line":239,"column":28}},"102":{"start":{"line":242,"column":12},"end":{"line":246,"column":13}},"103":{"start":{"line":243,"column":16},"end":{"line":243,"column":53}},"104":{"start":{"line":244,"column":16},"end":{"line":244,"column":33}},"105":{"start":{"line":245,"column":16},"end":{"line":245,"column":28}},"106":{"start":{"line":248,"column":12},"end":{"line":248,"column":48}},"107":{"start":{"line":249,"column":12},"end":{"line":249,"column":30}},"108":{"start":{"line":250,"column":12},"end":{"line":250,"column":25}},"109":{"start":{"line":253,"column":8},"end":{"line":276,"column":10}},"110":{"start":{"line":257,"column":12},"end":{"line":257,"column":36}},"111":{"start":{"line":258,"column":12},"end":{"line":270,"column":14}},"112":{"start":{"line":259,"column":16},"end":{"line":261,"column":17}},"113":{"start":{"line":260,"column":20},"end":{"line":260,"column":27}},"114":{"start":{"line":262,"column":16},"end":{"line":262,"column":49}},"115":{"start":{"line":263,"column":16},"end":{"line":263,"column":24}},"116":{"start":{"line":264,"column":16},"end":{"line":266,"column":17}},"117":{"start":{"line":265,"column":20},"end":{"line":265,"column":35}},"118":{"start":{"line":267,"column":16},"end":{"line":268,"column":54}},"119":{"start":{"line":269,"column":16},"end":{"line":269,"column":50}},"120":{"start":{"line":271,"column":12},"end":{"line":271,"column":24}},"121":{"start":{"line":272,"column":12},"end":{"line":272,"column":20}},"122":{"start":{"line":273,"column":12},"end":{"line":273,"column":55}},"123":{"start":{"line":274,"column":12},"end":{"line":274,"column":30}},"124":{"start":{"line":275,"column":12},"end":{"line":275,"column":57}},"125":{"start":{"line":278,"column":8},"end":{"line":295,"column":10}},"126":{"start":{"line":282,"column":12},"end":{"line":284,"column":13}},"127":{"start":{"line":283,"column":16},"end":{"line":283,"column":28}},"128":{"start":{"line":285,"column":12},"end":{"line":287,"column":13}},"129":{"start":{"line":286,"column":16},"end":{"line":286,"column":51}},"130":{"start":{"line":288,"column":12},"end":{"line":292,"column":13}},"131":{"start":{"line":289,"column":16},"end":{"line":289,"column":51}},"132":{"start":{"line":291,"column":16},"end":{"line":291,"column":53}},"133":{"start":{"line":293,"column":12},"end":{"line":293,"column":29}},"134":{"start":{"line":294,"column":12},"end":{"line":294,"column":24}},"135":{"start":{"line":297,"column":8},"end":{"line":308,"column":10}},"136":{"start":{"line":301,"column":12},"end":{"line":301,"column":22}},"137":{"start":{"line":302,"column":12},"end":{"line":302,"column":31}},"138":{"start":{"line":303,"column":12},"end":{"line":303,"column":36}},"139":{"start":{"line":304,"column":12},"end":{"line":304,"column":29}},"140":{"start":{"line":305,"column":12},"end":{"line":305,"column":30}},"141":{"start":{"line":306,"column":12},"end":{"line":306,"column":30}},"142":{"start":{"line":307,"column":12},"end":{"line":307,"column":25}},"143":{"start":{"line":310,"column":8},"end":{"line":321,"column":10}},"144":{"start":{"line":314,"column":12},"end":{"line":314,"column":21}},"145":{"start":{"line":315,"column":12},"end":{"line":315,"column":29}},"146":{"start":{"line":316,"column":12},"end":{"line":316,"column":35}},"147":{"start":{"line":317,"column":12},"end":{"line":317,"column":29}},"148":{"start":{"line":318,"column":12},"end":{"line":318,"column":30}},"149":{"start":{"line":319,"column":12},"end":{"line":319,"column":29}},"150":{"start":{"line":320,"column":12},"end":{"line":320,"column":24}},"151":{"start":{"line":323,"column":8},"end":{"line":330,"column":10}},"152":{"start":{"line":327,"column":12},"end":{"line":329,"column":55}},"153":{"start":{"line":333,"column":8},"end":{"line":333,"column":36}},"154":{"start":{"line":334,"column":8},"end":{"line":334,"column":34}},"155":{"start":{"line":335,"column":8},"end":{"line":335,"column":30}},"156":{"start":{"line":336,"column":8},"end":{"line":336,"column":50}},"157":{"start":{"line":337,"column":8},"end":{"line":337,"column":34}},"158":{"start":{"line":338,"column":8},"end":{"line":338,"column":32}},"159":{"start":{"line":339,"column":8},"end":{"line":339,"column":34}},"160":{"start":{"line":345,"column":4},"end":{"line":466,"column":14}},"161":{"start":{"line":346,"column":8},"end":{"line":346,"column":42}},"162":{"start":{"line":348,"column":8},"end":{"line":355,"column":10}},"163":{"start":{"line":352,"column":12},"end":{"line":354,"column":13}},"164":{"start":{"line":353,"column":16},"end":{"line":353,"column":54}},"165":{"start":{"line":357,"column":8},"end":{"line":459,"column":10}},"166":{"start":{"line":358,"column":12},"end":{"line":358,"column":36}},"167":{"start":{"line":360,"column":12},"end":{"line":360,"column":56}},"168":{"start":{"line":361,"column":12},"end":{"line":374,"column":19}},"169":{"start":{"line":369,"column":20},"end":{"line":369,"column":61}},"170":{"start":{"line":373,"column":20},"end":{"line":373,"column":77}},"171":{"start":{"line":376,"column":12},"end":{"line":376,"column":36}},"172":{"start":{"line":377,"column":12},"end":{"line":377,"column":59}},"173":{"start":{"line":378,"column":12},"end":{"line":378,"column":38}},"174":{"start":{"line":379,"column":12},"end":{"line":379,"column":57}},"175":{"start":{"line":380,"column":12},"end":{"line":380,"column":44}},"176":{"start":{"line":381,"column":12},"end":{"line":381,"column":69}},"177":{"start":{"line":382,"column":12},"end":{"line":382,"column":38}},"178":{"start":{"line":383,"column":12},"end":{"line":383,"column":56}},"179":{"start":{"line":385,"column":12},"end":{"line":385,"column":58}},"180":{"start":{"line":386,"column":12},"end":{"line":386,"column":30}},"181":{"start":{"line":387,"column":12},"end":{"line":389,"column":15}},"182":{"start":{"line":388,"column":16},"end":{"line":388,"column":44}},"183":{"start":{"line":390,"column":12},"end":{"line":390,"column":38}},"184":{"start":{"line":391,"column":12},"end":{"line":391,"column":81}},"185":{"start":{"line":393,"column":12},"end":{"line":393,"column":42}},"186":{"start":{"line":418,"column":12},"end":{"line":418,"column":64}},"187":{"start":{"line":420,"column":12},"end":{"line":420,"column":42}},"188":{"start":{"line":422,"column":12},"end":{"line":425,"column":13}},"189":{"start":{"line":423,"column":16},"end":{"line":423,"column":30}},"190":{"start":{"line":427,"column":12},"end":{"line":427,"column":42}},"191":{"start":{"line":428,"column":12},"end":{"line":428,"column":73}},"192":{"start":{"line":429,"column":12},"end":{"line":429,"column":53}},"193":{"start":{"line":431,"column":12},"end":{"line":431,"column":46}},"194":{"start":{"line":432,"column":12},"end":{"line":432,"column":68}},"195":{"start":{"line":433,"column":12},"end":{"line":445,"column":13}},"196":{"start":{"line":435,"column":16},"end":{"line":441,"column":17}},"197":{"start":{"line":436,"column":20},"end":{"line":440,"column":22}},"198":{"start":{"line":443,"column":16},"end":{"line":443,"column":74}},"199":{"start":{"line":444,"column":16},"end":{"line":444,"column":85}},"200":{"start":{"line":446,"column":12},"end":{"line":446,"column":30}},"201":{"start":{"line":447,"column":12},"end":{"line":449,"column":15}},"202":{"start":{"line":448,"column":16},"end":{"line":448,"column":40}},"203":{"start":{"line":450,"column":12},"end":{"line":455,"column":15}},"204":{"start":{"line":452,"column":16},"end":{"line":454,"column":17}},"205":{"start":{"line":453,"column":20},"end":{"line":453,"column":76}},"206":{"start":{"line":458,"column":12},"end":{"line":458,"column":22}},"207":{"start":{"line":462,"column":8},"end":{"line":465,"column":11}},"208":{"start":{"line":464,"column":12},"end":{"line":464,"column":42}}},"branchMap":{"1":{"line":32,"type":"if","locations":[{"start":{"line":32,"column":4},"end":{"line":32,"column":4},"skip":true},{"start":{"line":32,"column":4},"end":{"line":32,"column":4},"skip":true}]},"2":{"line":32,"type":"binary-expr","locations":[{"start":{"line":32,"column":8},"end":{"line":32,"column":34},"skip":true},{"start":{"line":32,"column":38},"end":{"line":32,"column":44},"skip":true}]},"3":{"line":36,"type":"if","locations":[{"start":{"line":36,"column":4},"end":{"line":36,"column":4},"skip":true},{"start":{"line":36,"column":4},"end":{"line":36,"column":4},"skip":true}]},"4":{"line":36,"type":"binary-expr","locations":[{"start":{"line":36,"column":8},"end":{"line":36,"column":34},"skip":true},{"start":{"line":36,"column":38},"end":{"line":36,"column":44},"skip":true}]},"5":{"line":40,"type":"if","locations":[{"start":{"line":40,"column":4},"end":{"line":40,"column":4},"skip":true},{"start":{"line":40,"column":4},"end":{"line":40,"column":4},"skip":true}]},"6":{"line":40,"type":"binary-expr","locations":[{"start":{"line":40,"column":8},"end":{"line":40,"column":34},"skip":true},{"start":{"line":40,"column":38},"end":{"line":40,"column":44},"skip":true}]},"7":{"line":71,"type":"if","locations":[{"start":{"line":71,"column":12},"end":{"line":71,"column":12}},{"start":{"line":71,"column":12},"end":{"line":71,"column":12}}]},"8":{"line":75,"type":"if","locations":[{"start":{"line":75,"column":12},"end":{"line":75,"column":12}},{"start":{"line":75,"column":12},"end":{"line":75,"column":12}}]},"9":{"line":78,"type":"if","locations":[{"start":{"line":78,"column":12},"end":{"line":78,"column":12}},{"start":{"line":78,"column":12},"end":{"line":78,"column":12}}]},"10":{"line":83,"type":"if","locations":[{"start":{"line":83,"column":12},"end":{"line":83,"column":12}},{"start":{"line":83,"column":12},"end":{"line":83,"column":12}}]},"11":{"line":84,"type":"cond-expr","locations":[{"start":{"line":85,"column":22},"end":{"line":85,"column":23}},{"start":{"line":86,"column":22},"end":{"line":88,"column":23}}]},"12":{"line":86,"type":"cond-expr","locations":[{"start":{"line":87,"column":22},"end":{"line":87,"column":24}},{"start":{"line":88,"column":22},"end":{"line":88,"column":23}}]},"13":{"line":90,"type":"if","locations":[{"start":{"line":90,"column":12},"end":{"line":90,"column":12}},{"start":{"line":90,"column":12},"end":{"line":90,"column":12}}]},"14":{"line":93,"type":"if","locations":[{"start":{"line":93,"column":12},"end":{"line":93,"column":12}},{"start":{"line":93,"column":12},"end":{"line":93,"column":12}}]},"15":{"line":96,"type":"if","locations":[{"start":{"line":96,"column":12},"end":{"line":96,"column":12}},{"start":{"line":96,"column":12},"end":{"line":96,"column":12}}]},"16":{"line":99,"type":"if","locations":[{"start":{"line":99,"column":12},"end":{"line":99,"column":12}},{"start":{"line":99,"column":12},"end":{"line":99,"column":12}}]},"17":{"line":102,"type":"if","locations":[{"start":{"line":102,"column":12},"end":{"line":102,"column":12}},{"start":{"line":102,"column":12},"end":{"line":102,"column":12}}]},"18":{"line":105,"type":"if","locations":[{"start":{"line":105,"column":12},"end":{"line":105,"column":12}},{"start":{"line":105,"column":12},"end":{"line":105,"column":12}}]},"19":{"line":130,"type":"binary-expr","locations":[{"start":{"line":130,"column":18},"end":{"line":130,"column":22}},{"start":{"line":130,"column":26},"end":{"line":130,"column":48}}]},"20":{"line":132,"type":"cond-expr","locations":[{"start":{"line":133,"column":22},"end":{"line":133,"column":32}},{"start":{"line":134,"column":22},"end":{"line":134,"column":31}}]},"21":{"line":135,"type":"binary-expr","locations":[{"start":{"line":135,"column":22},"end":{"line":135,"column":26}},{"start":{"line":135,"column":30},"end":{"line":135,"column":52}}]},"22":{"line":146,"type":"if","locations":[{"start":{"line":146,"column":12},"end":{"line":146,"column":12}},{"start":{"line":146,"column":12},"end":{"line":146,"column":12}}]},"23":{"line":152,"type":"binary-expr","locations":[{"start":{"line":152,"column":18},"end":{"line":152,"column":22}},{"start":{"line":152,"column":26},"end":{"line":152,"column":47}}]},"24":{"line":155,"type":"cond-expr","locations":[{"start":{"line":156,"column":22},"end":{"line":156,"column":32}},{"start":{"line":157,"column":22},"end":{"line":157,"column":31}}]},"25":{"line":158,"type":"binary-expr","locations":[{"start":{"line":158,"column":22},"end":{"line":158,"column":26}},{"start":{"line":158,"column":30},"end":{"line":158,"column":51}}]},"26":{"line":167,"type":"cond-expr","locations":[{"start":{"line":168,"column":22},"end":{"line":168,"column":31}},{"start":{"line":169,"column":22},"end":{"line":169,"column":32}}]},"27":{"line":170,"type":"binary-expr","locations":[{"start":{"line":170,"column":22},"end":{"line":170,"column":26}},{"start":{"line":170,"column":30},"end":{"line":170,"column":51}}]},"28":{"line":172,"type":"binary-expr","locations":[{"start":{"line":172,"column":23},"end":{"line":172,"column":27}},{"start":{"line":172,"column":31},"end":{"line":172,"column":39}}]},"29":{"line":177,"type":"if","locations":[{"start":{"line":177,"column":16},"end":{"line":177,"column":16}},{"start":{"line":177,"column":16},"end":{"line":177,"column":16}}]},"30":{"line":177,"type":"binary-expr","locations":[{"start":{"line":177,"column":20},"end":{"line":177,"column":46}},{"start":{"line":177,"column":50},"end":{"line":177,"column":76}}]},"31":{"line":181,"type":"if","locations":[{"start":{"line":181,"column":16},"end":{"line":181,"column":16}},{"start":{"line":181,"column":16},"end":{"line":181,"column":16}}]},"32":{"line":185,"type":"if","locations":[{"start":{"line":185,"column":16},"end":{"line":185,"column":16}},{"start":{"line":185,"column":16},"end":{"line":185,"column":16}}]},"33":{"line":199,"type":"if","locations":[{"start":{"line":199,"column":12},"end":{"line":199,"column":12}},{"start":{"line":199,"column":12},"end":{"line":199,"column":12}}]},"34":{"line":202,"type":"if","locations":[{"start":{"line":202,"column":12},"end":{"line":202,"column":12}},{"start":{"line":202,"column":12},"end":{"line":202,"column":12}}]},"35":{"line":202,"type":"binary-expr","locations":[{"start":{"line":202,"column":16},"end":{"line":202,"column":84}},{"start":{"line":203,"column":20},"end":{"line":203,"column":43}}]},"36":{"line":206,"type":"if","locations":[{"start":{"line":206,"column":12},"end":{"line":206,"column":12}},{"start":{"line":206,"column":12},"end":{"line":206,"column":12}}]},"37":{"line":220,"type":"if","locations":[{"start":{"line":220,"column":12},"end":{"line":220,"column":12}},{"start":{"line":220,"column":12},"end":{"line":220,"column":12}}]},"38":{"line":223,"type":"if","locations":[{"start":{"line":223,"column":12},"end":{"line":223,"column":12}},{"start":{"line":223,"column":12},"end":{"line":223,"column":12}}]},"39":{"line":235,"type":"if","locations":[{"start":{"line":235,"column":12},"end":{"line":235,"column":12}},{"start":{"line":235,"column":12},"end":{"line":235,"column":12}}]},"40":{"line":238,"type":"if","locations":[{"start":{"line":238,"column":12},"end":{"line":238,"column":12}},{"start":{"line":238,"column":12},"end":{"line":238,"column":12}}]},"41":{"line":242,"type":"if","locations":[{"start":{"line":242,"column":12},"end":{"line":242,"column":12}},{"start":{"line":242,"column":12},"end":{"line":242,"column":12}}]},"42":{"line":259,"type":"if","locations":[{"start":{"line":259,"column":16},"end":{"line":259,"column":16}},{"start":{"line":259,"column":16},"end":{"line":259,"column":16}}]},"43":{"line":264,"type":"if","locations":[{"start":{"line":264,"column":16},"end":{"line":264,"column":16}},{"start":{"line":264,"column":16},"end":{"line":264,"column":16}}]},"44":{"line":282,"type":"if","locations":[{"start":{"line":282,"column":12},"end":{"line":282,"column":12}},{"start":{"line":282,"column":12},"end":{"line":282,"column":12}}]},"45":{"line":285,"type":"if","locations":[{"start":{"line":285,"column":12},"end":{"line":285,"column":12}},{"start":{"line":285,"column":12},"end":{"line":285,"column":12}}]},"46":{"line":288,"type":"if","locations":[{"start":{"line":288,"column":12},"end":{"line":288,"column":12}},{"start":{"line":288,"column":12},"end":{"line":288,"column":12}}]},"47":{"line":328,"type":"binary-expr","locations":[{"start":{"line":328,"column":18},"end":{"line":328,"column":27}},{"start":{"line":328,"column":31},"end":{"line":328,"column":45}},{"start":{"line":328,"column":50},"end":{"line":328,"column":51}}]},"48":{"line":329,"type":"binary-expr","locations":[{"start":{"line":329,"column":18},"end":{"line":329,"column":28}},{"start":{"line":329,"column":32},"end":{"line":329,"column":47}},{"start":{"line":329,"column":52},"end":{"line":329,"column":53}}]},"49":{"line":352,"type":"if","locations":[{"start":{"line":352,"column":12},"end":{"line":352,"column":12}},{"start":{"line":352,"column":12},"end":{"line":352,"column":12}}]},"50":{"line":358,"type":"binary-expr","locations":[{"start":{"line":358,"column":22},"end":{"line":358,"column":29}},{"start":{"line":358,"column":33},"end":{"line":358,"column":35}}]},"51":{"line":435,"type":"if","locations":[{"start":{"line":435,"column":16},"end":{"line":435,"column":16}},{"start":{"line":435,"column":16},"end":{"line":435,"column":16}}]},"52":{"line":452,"type":"if","locations":[{"start":{"line":452,"column":16},"end":{"line":452,"column":16}},{"start":{"line":452,"column":16},"end":{"line":452,"column":16}}]}},"code":["/*"," * rbst-lite.js"," * https://github.com/kaizhu256/node-rbst-lite"," *"," * this package will provide a javascript implementation of randomized-binary-search-tree"," * derived from http://kukuruku.co/hub/cpp/randomized-binary-search-trees"," * with zero npm-dependencies"," *"," * quickstart example:"," *     copy and paste this entire script into the browser or nodejs console and press <enter>"," */","","","","/* istanbul instrument in package rbst-lite */","/*jslint","    bitwise: true,","    browser: true,","    maxerr: 8,","    maxlen: 96,","    node: true,","    nomen: true,","    regexp: true,","    stupid: true","*/","(function () {","    'use strict';","    var local;","    local = {};","    // globally export local","    /* istanbul ignore next */","    if (typeof global === 'object' && global) {","        global.rbst_lite = local;","    }","    /* istanbul ignore next */","    if (typeof module === 'object' && module) {","        module.exports = local;","    }","    /* istanbul ignore next */","    if (typeof window === 'object' && window) {","        window.rbst_lite = local;","    }","","","","    // run shared js-env code - lib.rbst.js","    (function (local) {","        var compare,","            create,","            find,","            findInKeyRange,","            insert,","            insertAsRoot,","            join,","            print,","            remove,","            rotateLeft,","            rotateRight,","            sizeUpdate;","","        compare = function (aa, bb) {","        /*","         * this function will compare aa vs bb and return:","         * -1 if aa < bb","         *  0 if aa === bb","         *  1 if aa > bb","         * the priority for comparing different typeof's is:","         * number < boolean < string < object < undefined","         */","            var typeof1, typeof2;","            if (aa === bb) {","                return 0;","            }","            // handle undefined case","            if (aa === undefined) {","                return 1;","            }","            if (bb === undefined) {","                return -1;","            }","            typeof1 = typeof aa;","            typeof2 = typeof bb;","            if (typeof1 === typeof2) {","                return typeof1 === 'object'","                    ? 0","                    : aa < bb","                    ? -1","                    : 1;","            }","            if (typeof1 === 'number') {","                return -1;","            }","            if (typeof2 === 'number') {","                return 1;","            }","            if (typeof1 === 'boolean') {","                return -1;","            }","            if (typeof2 === 'boolean') {","                return 1;","            }","            if (typeof1 === 'string') {","                return -1;","            }","            if (typeof2 === 'string') {","                return 1;","            }","            return 0;","        };","","        create = function (key, data) {","        /*","         * this function will create a tree with the given key and data","         */","            return {","                key: key,","                data: data,","                left: null,","                right: null,","                size: 1","            };","        };","","        find = function (tree, key) {","        /*","         * this function will find the node in the tree with the given key","         */","            var node, tmp;","            node = tree;","            tmp = node && compare(node.key, key);","            while (tmp) {","                node = tmp === -1","                    ? node.right","                    : node.left;","                tmp = node && compare(node.key, key);","            }","            return node;","        };","","        findInKeyRange = function (tree, aa, bb, fnc) {","        /*","         * this function will iteratively call fnc on all nodes in the tree,","         * with keys in the inclusive key-range [aa, bb]","         */","            var node, sentinel, stack, tmp, traversedList;","            if (!tree) {","                return;","            }","            // find first node with key >= aa","            node = tree;","            stack = [node];","            tmp = node && compare(node.key, aa);","            while (node) {","                stack.push(node);","                node = tmp === -1","                    ? node.right","                    : node.left;","                tmp = node && compare(node.key, aa);","            }","            traversedList = stack.slice();","            // find last node with key <= bb","            sentinel = null;","            node = tree;","            tmp = compare(node.key, bb);","            while (node) {","                sentinel = node;","                node = tmp === 1","                    ? node.left","                    : node.right;","                tmp = node && compare(node.key, bb);","            }","            sentinel = node || sentinel;","            // begin traversal with first node with key >= aa","            while (stack.length) {","                node = stack.pop();","                tmp = compare(node.key, bb);","                if (compare(node.key, aa) >= 0 && compare(node.key, bb) <= 0) {","                    fnc(node);","                }","                // end traversal with last node with key <= bb","                if (node === sentinel) {","                    return;","                }","                node = node.right;","                if (traversedList.indexOf(node) < 0) {","                    while (node) {","                        stack.push(node);","                        node = node.left;","                    }","                }","            }","        };","","        insert = function (tree, key, data) {","        /*","         * this function will insert a new node in the tree with the given key and data,","         * with random re-balancing","         */","            if (!tree) {","                return create(key, data);","            }","            if (Math.floor(Math.random() * 0x10000000000000) % (tree.size + 1) === 0 &&","                    typeof key !== 'object') {","                return insertAsRoot(tree, key, data);","            }","            if (compare(key, tree.key) === -1) {","                tree.left = insert(tree.left, key, data);","            } else {","                tree.right = insert(tree.right, key, data);","            }","            sizeUpdate(tree);","            return tree;","        };","","        insertAsRoot = function (tree, key, data) {","        /*","         * this function will insert a new node in the tree with the given key and data,","         * and rebalance it as the root node","         */","            if (!tree) {","                return create(key, data);","            }","            if (compare(key, tree.key) === -1) {","                tree.left = insertAsRoot(tree.left, key, data);","                return rotateRight(tree);","            }","            tree.right = insertAsRoot(tree.right, key, data);","            return rotateLeft(tree);","        };","","        join = function (left, right) {","        /*","         * this function will join the left and right trees after deleting their parent tree","         */","            if (!left) {","                return right;","            }","            if (!right) {","                return left;","            }","            // left is heavy, so move it up","            if (left.size > right.size) {","                left.right = join(left.right, right);","                sizeUpdate(left);","                return left;","            }","            // right is heavy, so move it up","            right.left = join(left, right.left);","            sizeUpdate(right);","            return right;","        };","","        print = function (tree) {","        /*","         * this function will print the tree","         */","            var height, ii, recurse;","            recurse = function (tree, depth) {","                if (!tree) {","                    return;","                }","                recurse(tree.left, depth + '* ');","                ii += 1;","                if (depth > height) {","                    height = depth;","                }","                console.log('(' + ii + ',' + (depth.length / 2) + ',' + tree.size + ') ' +","                    depth + JSON.stringify(tree.key));","                recurse(tree.right, depth + '* ');","            };","            height = '';","            ii = -1;","            console.log('\\ntree\\n(ii,depth,size) key');","            recurse(tree, '');","            console.log('height = ' + height.length / 2);","        };","","        remove = function (tree, key) {","        /*","         * this function will remove the node in the tree with the given key","         */","            if (!tree) {","                return tree;","            }","            if (tree.key === key) {","                return join(tree.left, tree.right);","            }","            if (compare(key, tree.key) === -1) {","                tree.left = remove(tree.left, key);","            } else {","                tree.right = remove(tree.right, key);","            }","            sizeUpdate(tree);","            return tree;","        };","","        rotateLeft = function (tree) {","        /*","         * this function will rotate-left tree.right up to its parent tree's position","         */","            var right;","            right = tree.right;","            tree.right = right.left;","            sizeUpdate(tree);","            right.left = tree;","            sizeUpdate(right);","            return right;","        };","","        rotateRight = function (tree) {","        /*","         * this function will rotate-right tree.left up to its parent tree's position","         */","            var left;","            left = tree.left;","            tree.left = left.right;","            sizeUpdate(tree);","            left.right = tree;","            sizeUpdate(left);","            return left;","        };","","        sizeUpdate = function (tree) {","        /*","         * this function will update tree.size","         */","            tree.size = 1 +","                ((tree.left && tree.left.size) || 0) +","                ((tree.right && tree.right.size) || 0);","        };","","        // init local","        local.rbstCompare = compare;","        local.rbstCreate = create;","        local.rbstFind = find;","        local.rbstFindInKeyRange = findInKeyRange;","        local.rbstInsert = insert;","        local.rbstPrint = print;","        local.rbstRemove = remove;","    }(local));","","","","    // run browser js-env code - test","    (function (local) {","        var assert, testCase_rbst_default;","","        assert = function (passed, data) {","        /*","         * this function will, if passed is falsey, throw an error with the given data","         */","            if (!passed) {","                throw new Error(JSON.stringify(data));","            }","        };","","        local.testCase_rbst_default = function (options, onError) {","            options = options || {};","            // create tree","            options.tree = local.rbstCreate(null, null);","            [","                -1, -0.5, 0, 0, 1, 2, 3,","                false, true,","                '-1', '0', '1', 'a', 'b',","                null, undefined, {}, []","            ]","                // shuffle list","                .sort(function () {","                    return Math.floor(Math.random() * 3) - 1;","                })","                .forEach(function (key, data) {","                    // insert","                    options.tree = local.rbstInsert(options.tree, key, data);","                });","            // find","            console.log('\\nfind 0');","            options.data = local.rbstFind(options.tree, 0);","            console.log(options.data);","            assert(options.data.key === 0, options.data);","            console.log('\\nfind undefined');","            options.data = local.rbstFind(options.tree, 'undefined');","            console.log(options.data);","            assert(options.data === null, options.data);","            // findInKeyRange","            console.log('\\nfindInKeyRange [0, Infinity]');","            options.data = [];","            local.rbstFindInKeyRange(options.tree, 0, Infinity, function (node) {","                options.data.push(node.key);","            });","            console.log(options.data);","            assert(JSON.stringify(options.data) === '[0,0,1,2,3]', options.data);","            // print","            local.rbstPrint(options.tree);","            // output:","            // options.tree","            // (ii,depth) key","            // (0,3) * * * -1","            // (1,2) * * -0.5","            // (2,5) * * * * * 0","            // (3,4) * * * * 0","            // (4,3) * * * 1","            // (5,1) * 2","            // (6,3) * * * 3","            // (7,2) * * false","            // (8,0) true","            // (9,3) * * * \"-1\"","            // (10,5) * * * * * \"0\"","            // (11,4) * * * * \"1\"","            // (12,2) * * \"a\"","            // (13,1) * \"b\"","            // (14,2) * * null","            // (15,3) * * * []","            // (16,4) * * * * null","            // (17,6) * * * * * * {}","            // (18,5) * * * * * undefined","            // height = 6","            // remove","            options.tree = local.rbstRemove(options.tree, true);","            // print","            local.rbstPrint(options.tree);","            // coverage-hack - assert","            try {","                assert(false);","            } catch (ignore) {","            }","            // coverage-hack - compare","            options.symbolCreate = Symbol;","            options.data = local.rbstCompare({}, options.symbolCreate());","            assert(options.data === 0, options.data);","            // coverage-hack - remove","            options.tree = local.rbstRemove();","            local.rbstFindInKeyRange(null, null, null, console.log);","            for (options.ii = 0; options.ii < 0x100; options.ii += 1) {","                // coverage-hack - insert","                if (Math.random() >= 0.5) {","                    options.tree = local.rbstInsert(","                        options.tree,","                        options.ii,","                        'options.data' + options.ii","                    );","                }","                // coverage-hack - find","                local.rbstFind(options.tree, 'options.data' + options.ii);","                local.rbstFindInKeyRange(options.tree, -Infinity, undefined, assert);","            }","            options.data = [];","            local.rbstFindInKeyRange(options.tree, 0.5, 256.5, function (node) {","                options.data.push(node);","            });","            options.data.forEach(function (node) {","                // remove","                if (Math.random() >= 0.5) {","                    options.tree = local.rbstRemove(options.tree, node.key);","                }","            });","            // print","            // local.rbstPrint(options.tree);","            onError();","        };","","        // run test","        local.testCase_rbst_default(null, function (error) {","            // validate no error occurred","            console.assert(!error, error);","        });","    }(local));","}());",""],"l":{"26":1,"28":1,"29":1,"32":1,"33":1,"36":1,"37":1,"40":1,"41":1,"47":1,"48":1,"61":1,"70":107739,"71":107739,"72":13,"75":107726,"76":11,"78":107715,"79":67426,"81":40289,"82":40289,"83":40289,"84":37578,"90":2711,"91":2626,"93":85,"94":46,"96":39,"97":17,"99":22,"100":3,"102":19,"103":10,"105":9,"106":7,"108":2,"111":1,"115":298,"124":1,"128":516,"129":516,"130":516,"131":516,"132":2614,"135":2614,"137":516,"140":1,"145":518,"146":518,"147":3,"150":515,"151":515,"152":515,"153":515,"154":2120,"155":2120,"158":2120,"160":515,"162":515,"163":515,"164":515,"165":515,"166":2628,"167":2628,"170":2628,"172":515,"174":515,"175":32685,"176":32685,"177":32685,"178":32680,"181":32685,"182":515,"184":32170,"185":32170,"186":32169,"187":30572,"188":30572,"194":1,"199":1429,"200":143,"202":1286,"204":153,"206":1133,"207":41,"209":1092,"211":1133,"212":1133,"215":1,"220":439,"221":153,"223":286,"224":20,"225":20,"227":266,"228":266,"231":1,"235":256,"236":64,"238":192,"239":76,"242":116,"243":30,"244":30,"245":30,"248":86,"249":86,"250":86,"253":1,"257":4,"258":4,"259":152,"260":78,"262":74,"263":74,"264":74,"265":14,"267":74,"269":74,"271":4,"272":4,"273":4,"274":4,"275":4,"278":1,"282":1044,"283":2,"285":1042,"286":140,"288":902,"289":507,"291":395,"293":902,"294":902,"297":1,"301":266,"302":266,"303":266,"304":266,"305":266,"306":266,"307":266,"310":1,"314":20,"315":20,"316":20,"317":20,"318":20,"319":20,"320":20,"323":1,"327":2723,"333":1,"334":1,"335":1,"336":1,"337":1,"338":1,"339":1,"345":1,"346":1,"348":1,"352":32421,"353":2,"357":1,"358":2,"360":2,"361":2,"369":64,"373":36,"376":2,"377":2,"378":2,"379":2,"380":2,"381":2,"382":2,"383":2,"385":2,"386":2,"387":2,"388":10,"390":2,"391":2,"393":2,"418":2,"420":2,"422":2,"423":2,"427":2,"428":2,"429":2,"431":2,"432":2,"433":2,"435":512,"436":260,"443":512,"444":512,"446":2,"447":2,"448":259,"450":2,"452":259,"453":138,"458":2,"462":1,"464":1}}}